[ 2015-07-09T09:43:39+08:00 ] INFO: the url is /MeChef/index.php/Blog/Load
[ 2015-07-09T09:43:39+08:00 ] INFO: request is {"app_id":"1","client_type":"ANDROID","client_version":null,"conditionList":[{"attrName":"blog_id","firstValue":0,"typeStr":"biger","operate":"BIGER"}],"obj":null,"page":null,"token":null}
[ 2015-07-09T09:43:39+08:00 ] INFO: Loading view.. no pk is found.
[ 2015-07-09T09:43:39+08:00 ] INFO: LoadPageTable,ReqType is ANDROID
[ 2015-07-09T09:43:39+08:00 ] INFO: typeStr is biger
[ 2015-07-09T09:43:39+08:00 ] INFO: first value is 0
[ 2015-07-09T09:43:39+08:00 ] INFO: condition list is []
[ 2015-07-09T09:43:39+08:00 ] WARN: the crrent page is empty
[ 2015-07-09T09:43:39+08:00 ] WARN: the page size is empty
[ 2015-07-09T09:43:39+08:00 ] INFO: the current page is 0,the page size is 10
[ 2015-07-09T09:43:39+08:00 ] INFO: query the table  count is 0
[ 2015-07-09T09:43:39+08:00 ] INFO: the url is /MeChef/index.php/Blog/Load
[ 2015-07-09T09:43:39+08:00 ] INFO: response is {"errorCode":0,"errorMsg":null,"obj":{"total":"0","rows":null}}
[ 2015-07-09T09:43:39+08:00 ] 192.168.1.109 /MeChef/index.php/Blog/Load
INFO: [ route_check ] --START--
INFO: CheckRoute Behavior ::run [ RunTime:0.008540s ]
INFO: [ route_check ] --END-- [ RunTime:0.008677s ]
INFO: [ app_begin ] --START--
INFO: ReadHtmlCache Behavior ::run [ RunTime:0.007819s ]
INFO: [ app_begin ] --END-- [ RunTime:0.007913s ]
NOTIC: [2] Missing argument 1 for MispBaseRspJson::__construct(), called in D:\xampps\htdocs\MeChef\MISP\Lib\Action\BaseAction.class.php on line 40 and defined D:\xampps\htdocs\MeChef\MISP\Lib\Action\BaseAction.class.php 第 9 行.
NOTIC: [8] Undefined variable: errorCode D:\xampps\htdocs\MeChef\MISP\Lib\Action\BaseAction.class.php 第 12 行.
SQL: SHOW COLUMNS FROM `mc_view_blog` [ RunTime:0.002128s ]
NOTIC: [8] Trying to get property of non-object D:\xampps\htdocs\MeChef\MISP\Lib\Action\BaseAction.class.php 第 217 行.
NOTIC: [8] Trying to get property of non-object D:\xampps\htdocs\MeChef\MISP\Lib\Action\BaseAction.class.php 第 226 行.
SQL: SELECT COUNT(*) AS tp_count FROM `mc_view_blog` LIMIT 1   [ RunTime:0.000710s ]
SQL: SELECT * FROM `mc_view_blog` ORDER BY `blog_id` desc LIMIT 0,10   [ RunTime:0.000978s ]
NOTIC: [2048] Creating default object from empty value D:\xampps\htdocs\MeChef\MISP\Lib\Action\EasyUITableAction.class.php 第 96 行.

[ 2015-07-09T09:44:16+08:00 ] INFO: the url is /MeChef/index.php/Blog/Load
[ 2015-07-09T09:44:16+08:00 ] INFO: request is {"app_id":"1","client_type":"ANDROID","client_version":null,"conditionList":[{"attrName":"blog_id","firstValue":0,"typeStr":"biger","operate":"BIGER"}],"obj":null,"page":null,"token":null}
[ 2015-07-09T09:44:16+08:00 ] INFO: Loading view.. no pk is found.
[ 2015-07-09T09:44:16+08:00 ] INFO: LoadPageTable,ReqType is ANDROID
[ 2015-07-09T09:44:16+08:00 ] INFO: typeStr is biger
[ 2015-07-09T09:44:16+08:00 ] INFO: first value is 0
[ 2015-07-09T09:44:16+08:00 ] INFO: condition list is []
[ 2015-07-09T09:44:16+08:00 ] WARN: the crrent page is empty
[ 2015-07-09T09:44:16+08:00 ] WARN: the page size is empty
[ 2015-07-09T09:44:16+08:00 ] INFO: the current page is 0,the page size is 10
[ 2015-07-09T09:44:16+08:00 ] INFO: query the table  count is 0
[ 2015-07-09T09:44:16+08:00 ] INFO: the url is /MeChef/index.php/Blog/Load
[ 2015-07-09T09:44:16+08:00 ] INFO: response is {"errorCode":0,"errorMsg":null,"obj":{"total":"0","rows":null}}
[ 2015-07-09T09:44:16+08:00 ] 192.168.1.109 /MeChef/index.php/Blog/Load
INFO: [ route_check ] --START--
INFO: CheckRoute Behavior ::run [ RunTime:0.002048s ]
INFO: [ route_check ] --END-- [ RunTime:0.002122s ]
INFO: [ app_begin ] --START--
INFO: ReadHtmlCache Behavior ::run [ RunTime:0.001827s ]
INFO: [ app_begin ] --END-- [ RunTime:0.001878s ]
NOTIC: [2] Missing argument 1 for MispBaseRspJson::__construct(), called in D:\xampps\htdocs\MeChef\MISP\Lib\Action\BaseAction.class.php on line 40 and defined D:\xampps\htdocs\MeChef\MISP\Lib\Action\BaseAction.class.php 第 9 行.
NOTIC: [8] Undefined variable: errorCode D:\xampps\htdocs\MeChef\MISP\Lib\Action\BaseAction.class.php 第 12 行.
SQL: SHOW COLUMNS FROM `mc_view_blog` [ RunTime:0.002071s ]
NOTIC: [8] Trying to get property of non-object D:\xampps\htdocs\MeChef\MISP\Lib\Action\BaseAction.class.php 第 217 行.
NOTIC: [8] Trying to get property of non-object D:\xampps\htdocs\MeChef\MISP\Lib\Action\BaseAction.class.php 第 226 行.
SQL: SELECT COUNT(*) AS tp_count FROM `mc_view_blog` LIMIT 1   [ RunTime:0.000510s ]
SQL: SELECT * FROM `mc_view_blog` ORDER BY `blog_id` desc LIMIT 0,10   [ RunTime:0.000527s ]
NOTIC: [2048] Creating default object from empty value D:\xampps\htdocs\MeChef\MISP\Lib\Action\EasyUITableAction.class.php 第 96 行.

[ 2015-07-09T09:54:19+08:00 ] INFO: the url is /MeChef/index.php/Blog/Load
[ 2015-07-09T09:54:19+08:00 ] INFO: request is {"app_id":"1","client_type":"ANDROID","client_version":null,"conditionList":[{"attrName":"blog_id","firstValue":0,"typeStr":"biger","operate":"BIGER"}],"obj":null,"page":null,"token":null}
[ 2015-07-09T09:54:19+08:00 ] INFO: Loading view.. no pk is found.
[ 2015-07-09T09:54:19+08:00 ] INFO: LoadPageTable,ReqType is ANDROID
[ 2015-07-09T09:54:19+08:00 ] INFO: typeStr is biger
[ 2015-07-09T09:54:19+08:00 ] INFO: first value is 0
[ 2015-07-09T09:54:19+08:00 ] INFO: condition list is []
[ 2015-07-09T09:54:19+08:00 ] WARN: the crrent page is empty
[ 2015-07-09T09:54:19+08:00 ] WARN: the page size is empty
[ 2015-07-09T09:54:19+08:00 ] INFO: the current page is 0,the page size is 10
[ 2015-07-09T09:54:19+08:00 ] INFO: query the table  count is 0
[ 2015-07-09T09:54:19+08:00 ] INFO: the url is /MeChef/index.php/Blog/Load
[ 2015-07-09T09:54:19+08:00 ] INFO: response is {"errorCode":0,"errorMsg":null,"obj":{"total":"0","rows":null}}
[ 2015-07-09T09:54:19+08:00 ] 192.168.1.109 /MeChef/index.php/Blog/Load
INFO: [ route_check ] --START--
INFO: CheckRoute Behavior ::run [ RunTime:0.003016s ]
INFO: [ route_check ] --END-- [ RunTime:0.003106s ]
INFO: [ app_begin ] --START--
INFO: ReadHtmlCache Behavior ::run [ RunTime:0.001829s ]
INFO: [ app_begin ] --END-- [ RunTime:0.001882s ]
NOTIC: [2] Missing argument 1 for MispBaseRspJson::__construct(), called in D:\xampps\htdocs\MeChef\MISP\Lib\Action\BaseAction.class.php on line 40 and defined D:\xampps\htdocs\MeChef\MISP\Lib\Action\BaseAction.class.php 第 9 行.
NOTIC: [8] Undefined variable: errorCode D:\xampps\htdocs\MeChef\MISP\Lib\Action\BaseAction.class.php 第 12 行.
SQL: SHOW COLUMNS FROM `mc_view_blog` [ RunTime:0.001846s ]
NOTIC: [8] Trying to get property of non-object D:\xampps\htdocs\MeChef\MISP\Lib\Action\BaseAction.class.php 第 217 行.
NOTIC: [8] Trying to get property of non-object D:\xampps\htdocs\MeChef\MISP\Lib\Action\BaseAction.class.php 第 226 行.
SQL: SELECT COUNT(*) AS tp_count FROM `mc_view_blog` LIMIT 1   [ RunTime:0.000187s ]
SQL: SELECT * FROM `mc_view_blog` ORDER BY `blog_id` desc LIMIT 0,10   [ RunTime:0.000342s ]
NOTIC: [2048] Creating default object from empty value D:\xampps\htdocs\MeChef\MISP\Lib\Action\EasyUITableAction.class.php 第 96 行.

[ 2015-07-09T09:55:43+08:00 ] INFO: the url is /MeChef/index.php/Blog/Load
[ 2015-07-09T09:55:43+08:00 ] INFO: request is {"app_id":"1","client_type":"ANDROID","client_version":null,"conditionList":[{"attrName":"blog_id","firstValue":0,"typeStr":"biger","operate":"BIGER"}],"obj":null,"page":null,"token":null}
[ 2015-07-09T09:55:44+08:00 ] INFO: Loading view.. no pk is found.
[ 2015-07-09T09:55:44+08:00 ] INFO: LoadPageTable,ReqType is ANDROID
[ 2015-07-09T09:55:44+08:00 ] INFO: typeStr is biger
[ 2015-07-09T09:55:44+08:00 ] INFO: first value is 0
[ 2015-07-09T09:55:44+08:00 ] INFO: condition list is []
[ 2015-07-09T09:55:44+08:00 ] WARN: the crrent page is empty
[ 2015-07-09T09:55:44+08:00 ] WARN: the page size is empty
[ 2015-07-09T09:55:44+08:00 ] INFO: the current page is 0,the page size is 10
[ 2015-07-09T09:55:44+08:00 ] INFO: query the table  count is 0
[ 2015-07-09T09:55:44+08:00 ] INFO: the url is /MeChef/index.php/Blog/Load
[ 2015-07-09T09:55:44+08:00 ] INFO: response is {"errorCode":0,"errorMsg":null,"obj":{"total":"0","rows":null}}
[ 2015-07-09T09:55:44+08:00 ] 192.168.1.109 /MeChef/index.php/Blog/Load
INFO: [ route_check ] --START--
INFO: CheckRoute Behavior ::run [ RunTime:0.002135s ]
INFO: [ route_check ] --END-- [ RunTime:0.002214s ]
INFO: [ app_begin ] --START--
INFO: ReadHtmlCache Behavior ::run [ RunTime:0.001931s ]
INFO: [ app_begin ] --END-- [ RunTime:0.001984s ]
NOTIC: [2] Missing argument 1 for MispBaseRspJson::__construct(), called in D:\xampps\htdocs\MeChef\MISP\Lib\Action\BaseAction.class.php on line 40 and defined D:\xampps\htdocs\MeChef\MISP\Lib\Action\BaseAction.class.php 第 9 行.
NOTIC: [8] Undefined variable: errorCode D:\xampps\htdocs\MeChef\MISP\Lib\Action\BaseAction.class.php 第 12 行.
SQL: SHOW COLUMNS FROM `mc_view_blog` [ RunTime:0.002223s ]
NOTIC: [8] Trying to get property of non-object D:\xampps\htdocs\MeChef\MISP\Lib\Action\BaseAction.class.php 第 217 行.
NOTIC: [8] Trying to get property of non-object D:\xampps\htdocs\MeChef\MISP\Lib\Action\BaseAction.class.php 第 226 行.
SQL: SELECT COUNT(*) AS tp_count FROM `mc_view_blog` LIMIT 1   [ RunTime:0.001006s ]
SQL: SELECT * FROM `mc_view_blog` ORDER BY `blog_id` desc LIMIT 0,10   [ RunTime:0.000492s ]
NOTIC: [2048] Creating default object from empty value D:\xampps\htdocs\MeChef\MISP\Lib\Action\EasyUITableAction.class.php 第 96 行.

[ 2015-07-09T10:04:02+08:00 ] INFO: the url is /MeChef/index.php/Blog/Load
[ 2015-07-09T10:04:02+08:00 ] INFO: request is {"app_id":"1","client_type":"ANDROID","client_version":null,"conditionList":[{"attrName":"blog_id","firstValue":0,"typeStr":"biger","operate":"BIGER"}],"obj":null,"page":null,"token":null}
[ 2015-07-09T10:04:02+08:00 ] INFO: Loading view.. no pk is found.
[ 2015-07-09T10:04:02+08:00 ] INFO: LoadPageTable,ReqType is ANDROID
[ 2015-07-09T10:04:02+08:00 ] INFO: typeStr is biger
[ 2015-07-09T10:04:02+08:00 ] INFO: first value is 0
[ 2015-07-09T10:04:02+08:00 ] INFO: condition list is []
[ 2015-07-09T10:04:02+08:00 ] WARN: the crrent page is empty
[ 2015-07-09T10:04:02+08:00 ] WARN: the page size is empty
[ 2015-07-09T10:04:02+08:00 ] INFO: the current page is 0,the page size is 10
[ 2015-07-09T10:04:02+08:00 ] INFO: query the table  count is 0
[ 2015-07-09T10:04:02+08:00 ] INFO: the url is /MeChef/index.php/Blog/Load
[ 2015-07-09T10:04:02+08:00 ] INFO: response is {"errorCode":0,"errorMsg":null,"obj":{"total":"0","rows":null}}
[ 2015-07-09T10:04:02+08:00 ] 192.168.1.109 /MeChef/index.php/Blog/Load
INFO: [ route_check ] --START--
INFO: CheckRoute Behavior ::run [ RunTime:0.002112s ]
INFO: [ route_check ] --END-- [ RunTime:0.002185s ]
INFO: [ app_begin ] --START--
INFO: ReadHtmlCache Behavior ::run [ RunTime:0.001917s ]
INFO: [ app_begin ] --END-- [ RunTime:0.001971s ]
NOTIC: [2] Missing argument 1 for MispBaseRspJson::__construct(), called in D:\xampps\htdocs\MeChef\MISP\Lib\Action\BaseAction.class.php on line 40 and defined D:\xampps\htdocs\MeChef\MISP\Lib\Action\BaseAction.class.php 第 9 行.
NOTIC: [8] Undefined variable: errorCode D:\xampps\htdocs\MeChef\MISP\Lib\Action\BaseAction.class.php 第 12 行.
SQL: SHOW COLUMNS FROM `mc_view_blog` [ RunTime:0.002357s ]
NOTIC: [8] Trying to get property of non-object D:\xampps\htdocs\MeChef\MISP\Lib\Action\BaseAction.class.php 第 217 行.
NOTIC: [8] Trying to get property of non-object D:\xampps\htdocs\MeChef\MISP\Lib\Action\BaseAction.class.php 第 226 行.
SQL: SELECT COUNT(*) AS tp_count FROM `mc_view_blog` LIMIT 1   [ RunTime:0.000680s ]
SQL: SELECT * FROM `mc_view_blog` ORDER BY `blog_id` desc LIMIT 0,10   [ RunTime:0.000521s ]
NOTIC: [2048] Creating default object from empty value D:\xampps\htdocs\MeChef\MISP\Lib\Action\EasyUITableAction.class.php 第 96 行.

[ 2015-07-09T10:04:18+08:00 ] INFO: the url is /MeChef/index.php/Blog/Load
[ 2015-07-09T10:04:18+08:00 ] INFO: request is {"app_id":"1","client_type":"ANDROID","client_version":null,"conditionList":[{"attrName":"blog_id","firstValue":0,"typeStr":"biger","operate":"BIGER"}],"obj":null,"page":null,"token":null}
[ 2015-07-09T10:04:18+08:00 ] INFO: Loading view.. no pk is found.
[ 2015-07-09T10:04:18+08:00 ] INFO: LoadPageTable,ReqType is ANDROID
[ 2015-07-09T10:04:18+08:00 ] INFO: typeStr is biger
[ 2015-07-09T10:04:18+08:00 ] INFO: first value is 0
[ 2015-07-09T10:04:18+08:00 ] INFO: condition list is []
[ 2015-07-09T10:04:18+08:00 ] WARN: the crrent page is empty
[ 2015-07-09T10:04:18+08:00 ] WARN: the page size is empty
[ 2015-07-09T10:04:18+08:00 ] INFO: the current page is 0,the page size is 10
[ 2015-07-09T10:04:18+08:00 ] INFO: query the table  count is 0
[ 2015-07-09T10:04:18+08:00 ] INFO: the url is /MeChef/index.php/Blog/Load
[ 2015-07-09T10:04:18+08:00 ] INFO: response is {"errorCode":0,"errorMsg":null,"obj":{"total":"0","rows":null}}
[ 2015-07-09T10:04:18+08:00 ] 192.168.1.109 /MeChef/index.php/Blog/Load
INFO: [ route_check ] --START--
INFO: CheckRoute Behavior ::run [ RunTime:0.002095s ]
INFO: [ route_check ] --END-- [ RunTime:0.002157s ]
INFO: [ app_begin ] --START--
INFO: ReadHtmlCache Behavior ::run [ RunTime:0.001870s ]
INFO: [ app_begin ] --END-- [ RunTime:0.001922s ]
NOTIC: [2] Missing argument 1 for MispBaseRspJson::__construct(), called in D:\xampps\htdocs\MeChef\MISP\Lib\Action\BaseAction.class.php on line 40 and defined D:\xampps\htdocs\MeChef\MISP\Lib\Action\BaseAction.class.php 第 9 行.
NOTIC: [8] Undefined variable: errorCode D:\xampps\htdocs\MeChef\MISP\Lib\Action\BaseAction.class.php 第 12 行.
SQL: SHOW COLUMNS FROM `mc_view_blog` [ RunTime:0.002001s ]
NOTIC: [8] Trying to get property of non-object D:\xampps\htdocs\MeChef\MISP\Lib\Action\BaseAction.class.php 第 217 行.
NOTIC: [8] Trying to get property of non-object D:\xampps\htdocs\MeChef\MISP\Lib\Action\BaseAction.class.php 第 226 行.
SQL: SELECT COUNT(*) AS tp_count FROM `mc_view_blog` LIMIT 1   [ RunTime:0.000246s ]
SQL: SELECT * FROM `mc_view_blog` ORDER BY `blog_id` desc LIMIT 0,10   [ RunTime:0.000522s ]
NOTIC: [2048] Creating default object from empty value D:\xampps\htdocs\MeChef\MISP\Lib\Action\EasyUITableAction.class.php 第 96 行.

[ 2015-07-09T10:04:41+08:00 ] INFO: the url is /MeChef/index.php/Blog/Load
[ 2015-07-09T10:04:41+08:00 ] INFO: request is {"app_id":"1","client_type":"ANDROID","client_version":null,"conditionList":[{"attrName":"blog_id","firstValue":0,"typeStr":"biger","operate":"BIGER"}],"obj":null,"page":null,"token":null}
[ 2015-07-09T10:04:41+08:00 ] INFO: Loading view.. no pk is found.
[ 2015-07-09T10:04:41+08:00 ] INFO: LoadPageTable,ReqType is ANDROID
[ 2015-07-09T10:04:41+08:00 ] INFO: typeStr is biger
[ 2015-07-09T10:04:41+08:00 ] INFO: first value is 0
[ 2015-07-09T10:04:41+08:00 ] INFO: condition list is []
[ 2015-07-09T10:04:41+08:00 ] WARN: the crrent page is empty
[ 2015-07-09T10:04:41+08:00 ] WARN: the page size is empty
[ 2015-07-09T10:04:41+08:00 ] INFO: the current page is 0,the page size is 10
[ 2015-07-09T10:04:41+08:00 ] INFO: query the table  count is 0
[ 2015-07-09T10:04:41+08:00 ] INFO: the url is /MeChef/index.php/Blog/Load
[ 2015-07-09T10:04:41+08:00 ] INFO: response is {"errorCode":0,"errorMsg":null,"obj":{"total":"0","rows":null}}
[ 2015-07-09T10:04:41+08:00 ] 192.168.1.109 /MeChef/index.php/Blog/Load
INFO: [ route_check ] --START--
INFO: CheckRoute Behavior ::run [ RunTime:0.002342s ]
INFO: [ route_check ] --END-- [ RunTime:0.002418s ]
INFO: [ app_begin ] --START--
INFO: ReadHtmlCache Behavior ::run [ RunTime:0.001820s ]
INFO: [ app_begin ] --END-- [ RunTime:0.001870s ]
NOTIC: [2] Missing argument 1 for MispBaseRspJson::__construct(), called in D:\xampps\htdocs\MeChef\MISP\Lib\Action\BaseAction.class.php on line 40 and defined D:\xampps\htdocs\MeChef\MISP\Lib\Action\BaseAction.class.php 第 9 行.
NOTIC: [8] Undefined variable: errorCode D:\xampps\htdocs\MeChef\MISP\Lib\Action\BaseAction.class.php 第 12 行.
SQL: SHOW COLUMNS FROM `mc_view_blog` [ RunTime:0.001977s ]
NOTIC: [8] Trying to get property of non-object D:\xampps\htdocs\MeChef\MISP\Lib\Action\BaseAction.class.php 第 217 行.
NOTIC: [8] Trying to get property of non-object D:\xampps\htdocs\MeChef\MISP\Lib\Action\BaseAction.class.php 第 226 行.
SQL: SELECT COUNT(*) AS tp_count FROM `mc_view_blog` LIMIT 1   [ RunTime:0.000607s ]
SQL: SELECT * FROM `mc_view_blog` ORDER BY `blog_id` desc LIMIT 0,10   [ RunTime:0.000579s ]
NOTIC: [2048] Creating default object from empty value D:\xampps\htdocs\MeChef\MISP\Lib\Action\EasyUITableAction.class.php 第 96 行.

[ 2015-07-09T10:14:02+08:00 ] INFO: the url is /MeChef/index.php/Blog/Load
[ 2015-07-09T10:14:02+08:00 ] INFO: request is {"app_id":"1","client_type":"ANDROID","client_version":null,"conditionList":[{"attrName":"blog_id","firstValue":0,"typeStr":"biger","operate":"BIGER"}],"obj":null,"page":null,"token":null}
[ 2015-07-09T10:14:02+08:00 ] INFO: Loading view.. no pk is found.
[ 2015-07-09T10:14:02+08:00 ] INFO: LoadPageTable,ReqType is ANDROID
[ 2015-07-09T10:14:02+08:00 ] INFO: typeStr is biger
[ 2015-07-09T10:14:02+08:00 ] INFO: first value is 0
[ 2015-07-09T10:14:02+08:00 ] INFO: condition list is []
[ 2015-07-09T10:14:02+08:00 ] WARN: the crrent page is empty
[ 2015-07-09T10:14:02+08:00 ] WARN: the page size is empty
[ 2015-07-09T10:14:02+08:00 ] INFO: the current page is 0,the page size is 10
[ 2015-07-09T10:14:02+08:00 ] INFO: query the table  count is 0
[ 2015-07-09T10:14:02+08:00 ] INFO: the url is /MeChef/index.php/Blog/Load
[ 2015-07-09T10:14:02+08:00 ] INFO: response is {"errorCode":0,"errorMsg":null,"obj":{"total":"0","rows":null}}
[ 2015-07-09T10:14:02+08:00 ] 192.168.1.109 /MeChef/index.php/Blog/Load
INFO: [ route_check ] --START--
INFO: CheckRoute Behavior ::run [ RunTime:0.002290s ]
INFO: [ route_check ] --END-- [ RunTime:0.002385s ]
INFO: [ app_begin ] --START--
INFO: ReadHtmlCache Behavior ::run [ RunTime:0.002002s ]
INFO: [ app_begin ] --END-- [ RunTime:0.002057s ]
NOTIC: [2] Missing argument 1 for MispBaseRspJson::__construct(), called in D:\xampps\htdocs\MeChef\MISP\Lib\Action\BaseAction.class.php on line 40 and defined D:\xampps\htdocs\MeChef\MISP\Lib\Action\BaseAction.class.php 第 9 行.
NOTIC: [8] Undefined variable: errorCode D:\xampps\htdocs\MeChef\MISP\Lib\Action\BaseAction.class.php 第 12 行.
SQL: SHOW COLUMNS FROM `mc_view_blog` [ RunTime:0.001887s ]
NOTIC: [8] Trying to get property of non-object D:\xampps\htdocs\MeChef\MISP\Lib\Action\BaseAction.class.php 第 217 行.
NOTIC: [8] Trying to get property of non-object D:\xampps\htdocs\MeChef\MISP\Lib\Action\BaseAction.class.php 第 226 行.
SQL: SELECT COUNT(*) AS tp_count FROM `mc_view_blog` LIMIT 1   [ RunTime:0.000372s ]
SQL: SELECT * FROM `mc_view_blog` ORDER BY `blog_id` desc LIMIT 0,10   [ RunTime:0.000543s ]
NOTIC: [2048] Creating default object from empty value D:\xampps\htdocs\MeChef\MISP\Lib\Action\EasyUITableAction.class.php 第 96 行.

[ 2015-07-09T10:42:05+08:00 ] INFO: the url is /MeChef/index.php/Blog/Load
[ 2015-07-09T10:42:05+08:00 ] INFO: request is {"app_id":"1","client_type":"ANDROID","client_version":null,"conditionList":[{"attrName":"blog_id","firstValue":0,"typeStr":"biger","operate":"BIGER"}],"obj":null,"page":{"count":0,"currentPage":0,"pageSize":10},"token":null}
[ 2015-07-09T10:42:05+08:00 ] INFO: Loading view.. no pk is found.
[ 2015-07-09T10:42:05+08:00 ] INFO: LoadPageTable,ReqType is ANDROID
[ 2015-07-09T10:42:05+08:00 ] INFO: typeStr is biger
[ 2015-07-09T10:42:05+08:00 ] INFO: first value is 0
[ 2015-07-09T10:42:05+08:00 ] INFO: condition list is []
[ 2015-07-09T10:42:05+08:00 ] INFO: the current page is -1,the page size is 10
[ 2015-07-09T10:42:05+08:00 ] INFO: query the table  count is 0
[ 2015-07-09T10:42:05+08:00 ] INFO: the url is /MeChef/index.php/Blog/Load
[ 2015-07-09T10:42:05+08:00 ] INFO: response is {"errorCode":0,"errorMsg":null,"obj":{"total":"0","rows":false}}
[ 2015-07-09T10:42:05+08:00 ] 192.168.1.109 /MeChef/index.php/Blog/Load
INFO: [ route_check ] --START--
INFO: CheckRoute Behavior ::run [ RunTime:0.002751s ]
INFO: [ route_check ] --END-- [ RunTime:0.002846s ]
INFO: [ app_begin ] --START--
INFO: ReadHtmlCache Behavior ::run [ RunTime:0.002118s ]
INFO: [ app_begin ] --END-- [ RunTime:0.002174s ]
NOTIC: [2] Missing argument 1 for MispBaseRspJson::__construct(), called in D:\xampps\htdocs\MeChef\MISP\Lib\Action\BaseAction.class.php on line 40 and defined D:\xampps\htdocs\MeChef\MISP\Lib\Action\BaseAction.class.php 第 9 行.
NOTIC: [8] Undefined variable: errorCode D:\xampps\htdocs\MeChef\MISP\Lib\Action\BaseAction.class.php 第 12 行.
SQL: SHOW COLUMNS FROM `mc_view_blog` [ RunTime:0.002529s ]
SQL: SELECT COUNT(*) AS tp_count FROM `mc_view_blog` LIMIT 1   [ RunTime:0.000606s ]
SQL: SELECT * FROM `mc_view_blog` ORDER BY `blog_id` desc LIMIT -10,10   [ RunTime:0.000763s ]
ERR: 1064:You have an error in your SQL syntax; check the manual that corresponds to your MySQL server version for the right syntax to use near '-10,10' at line 1
 [ SQL语句 ] : SELECT * FROM `mc_view_blog` ORDER BY `blog_id` desc LIMIT -10,10  
NOTIC: [2048] Creating default object from empty value D:\xampps\htdocs\MeChef\MISP\Lib\Action\EasyUITableAction.class.php 第 96 行.

[ 2015-07-09T10:43:25+08:00 ] INFO: the url is /MeChef/index.php/Blog/Load
[ 2015-07-09T10:43:25+08:00 ] INFO: request is {"app_id":"1","client_type":"ANDROID","client_version":null,"conditionList":[{"attrName":"blog_id","firstValue":0,"typeStr":"biger","operate":"BIGER"}],"obj":null,"page":{"count":0,"currentPage":0,"pageSize":10},"token":null}
[ 2015-07-09T10:43:25+08:00 ] INFO: Loading view.. no pk is found.
[ 2015-07-09T10:43:25+08:00 ] INFO: LoadPageTable,ReqType is ANDROID
[ 2015-07-09T10:43:25+08:00 ] INFO: typeStr is biger
[ 2015-07-09T10:43:25+08:00 ] INFO: first value is 0
[ 2015-07-09T10:43:25+08:00 ] INFO: condition list is []
[ 2015-07-09T10:43:25+08:00 ] INFO: the current page is -1,the page size is 10
[ 2015-07-09T10:43:25+08:00 ] INFO: query the table  count is 0
[ 2015-07-09T10:43:25+08:00 ] INFO: the url is /MeChef/index.php/Blog/Load
[ 2015-07-09T10:43:25+08:00 ] INFO: response is {"errorCode":0,"errorMsg":null,"obj":{"total":"0","rows":false}}
[ 2015-07-09T10:43:25+08:00 ] 192.168.1.109 /MeChef/index.php/Blog/Load
INFO: [ route_check ] --START--
INFO: CheckRoute Behavior ::run [ RunTime:0.002331s ]
INFO: [ route_check ] --END-- [ RunTime:0.002423s ]
INFO: [ app_begin ] --START--
INFO: ReadHtmlCache Behavior ::run [ RunTime:0.002054s ]
INFO: [ app_begin ] --END-- [ RunTime:0.002114s ]
NOTIC: [2] Missing argument 1 for MispBaseRspJson::__construct(), called in D:\xampps\htdocs\MeChef\MISP\Lib\Action\BaseAction.class.php on line 40 and defined D:\xampps\htdocs\MeChef\MISP\Lib\Action\BaseAction.class.php 第 9 行.
NOTIC: [8] Undefined variable: errorCode D:\xampps\htdocs\MeChef\MISP\Lib\Action\BaseAction.class.php 第 12 行.
SQL: SHOW COLUMNS FROM `mc_view_blog` [ RunTime:0.002126s ]
SQL: SELECT COUNT(*) AS tp_count FROM `mc_view_blog` LIMIT 1   [ RunTime:0.000832s ]
SQL: SELECT * FROM `mc_view_blog` ORDER BY `blog_id` desc LIMIT -10,10   [ RunTime:0.000565s ]
ERR: 1064:You have an error in your SQL syntax; check the manual that corresponds to your MySQL server version for the right syntax to use near '-10,10' at line 1
 [ SQL语句 ] : SELECT * FROM `mc_view_blog` ORDER BY `blog_id` desc LIMIT -10,10  
NOTIC: [2048] Creating default object from empty value D:\xampps\htdocs\MeChef\MISP\Lib\Action\EasyUITableAction.class.php 第 96 行.

[ 2015-07-09T11:16:21+08:00 ] INFO: the url is /MeChef/index.php/Blog/Load
[ 2015-07-09T11:16:21+08:00 ] INFO: request is {"app_id":"1","client_type":"ANDROID","client_version":null,"conditionList":[{"attrName":"blog_id","firstValue":0,"typeStr":"biger","operate":"BIGER"}],"obj":null,"page":{"count":0,"currentPage":0,"pageSize":10},"token":null}
[ 2015-07-09T11:16:21+08:00 ] INFO: Loading view.. no pk is found.
[ 2015-07-09T11:16:21+08:00 ] INFO: LoadPageTable,ReqType is ANDROID
[ 2015-07-09T11:16:21+08:00 ] INFO: typeStr is biger
[ 2015-07-09T11:16:21+08:00 ] INFO: first value is 0
[ 2015-07-09T11:16:21+08:00 ] INFO: condition list is []
[ 2015-07-09T11:16:21+08:00 ] INFO: the current page is -1,the page size is 10
[ 2015-07-09T11:16:21+08:00 ] INFO: query the table  count is 0
[ 2015-07-09T11:16:21+08:00 ] INFO: the url is /MeChef/index.php/Blog/Load
[ 2015-07-09T11:16:21+08:00 ] INFO: response is {"errorCode":0,"errorMsg":null,"obj":{"total":"0","rows":false}}
[ 2015-07-09T11:16:21+08:00 ] 192.168.1.109 /MeChef/index.php/Blog/Load
INFO: [ route_check ] --START--
INFO: CheckRoute Behavior ::run [ RunTime:0.002960s ]
INFO: [ route_check ] --END-- [ RunTime:0.003045s ]
INFO: [ app_begin ] --START--
INFO: ReadHtmlCache Behavior ::run [ RunTime:0.002042s ]
INFO: [ app_begin ] --END-- [ RunTime:0.002106s ]
NOTIC: [2] Missing argument 1 for MispBaseRspJson::__construct(), called in D:\xampps\htdocs\MeChef\MISP\Lib\Action\BaseAction.class.php on line 40 and defined D:\xampps\htdocs\MeChef\MISP\Lib\Action\BaseAction.class.php 第 9 行.
NOTIC: [8] Undefined variable: errorCode D:\xampps\htdocs\MeChef\MISP\Lib\Action\BaseAction.class.php 第 12 行.
SQL: SHOW COLUMNS FROM `mc_view_blog` [ RunTime:0.002062s ]
SQL: SELECT COUNT(*) AS tp_count FROM `mc_view_blog` LIMIT 1   [ RunTime:0.000791s ]
SQL: SELECT * FROM `mc_view_blog` ORDER BY `blog_id` desc LIMIT -10,10   [ RunTime:0.000381s ]
ERR: 1064:You have an error in your SQL syntax; check the manual that corresponds to your MySQL server version for the right syntax to use near '-10,10' at line 1
 [ SQL语句 ] : SELECT * FROM `mc_view_blog` ORDER BY `blog_id` desc LIMIT -10,10  
NOTIC: [2048] Creating default object from empty value D:\xampps\htdocs\MeChef\MISP\Lib\Action\EasyUITableAction.class.php 第 96 行.

[ 2015-07-09T11:16:26+08:00 ] INFO: the url is /MeChef/index.php/Blog/Load
[ 2015-07-09T11:16:26+08:00 ] INFO: request is {"app_id":"1","client_type":"ANDROID","client_version":null,"conditionList":[{"attrName":"blog_id","firstValue":0,"typeStr":"biger","operate":"BIGER"}],"obj":null,"page":{"count":0,"currentPage":1,"pageSize":10},"token":null}
[ 2015-07-09T11:16:26+08:00 ] INFO: Loading view.. no pk is found.
[ 2015-07-09T11:16:26+08:00 ] INFO: LoadPageTable,ReqType is ANDROID
[ 2015-07-09T11:16:26+08:00 ] INFO: typeStr is biger
[ 2015-07-09T11:16:26+08:00 ] INFO: first value is 0
[ 2015-07-09T11:16:26+08:00 ] INFO: condition list is []
[ 2015-07-09T11:16:26+08:00 ] INFO: the current page is 0,the page size is 10
[ 2015-07-09T11:16:26+08:00 ] INFO: query the table  count is 0
[ 2015-07-09T11:16:26+08:00 ] INFO: the url is /MeChef/index.php/Blog/Load
[ 2015-07-09T11:16:26+08:00 ] INFO: response is {"errorCode":0,"errorMsg":null,"obj":{"total":"0","rows":null}}
[ 2015-07-09T11:16:26+08:00 ] 192.168.1.109 /MeChef/index.php/Blog/Load
INFO: [ route_check ] --START--
INFO: CheckRoute Behavior ::run [ RunTime:0.002382s ]
INFO: [ route_check ] --END-- [ RunTime:0.002466s ]
INFO: [ app_begin ] --START--
INFO: ReadHtmlCache Behavior ::run [ RunTime:0.002077s ]
INFO: [ app_begin ] --END-- [ RunTime:0.002140s ]
NOTIC: [2] Missing argument 1 for MispBaseRspJson::__construct(), called in D:\xampps\htdocs\MeChef\MISP\Lib\Action\BaseAction.class.php on line 40 and defined D:\xampps\htdocs\MeChef\MISP\Lib\Action\BaseAction.class.php 第 9 行.
NOTIC: [8] Undefined variable: errorCode D:\xampps\htdocs\MeChef\MISP\Lib\Action\BaseAction.class.php 第 12 行.
SQL: SHOW COLUMNS FROM `mc_view_blog` [ RunTime:0.002021s ]
SQL: SELECT COUNT(*) AS tp_count FROM `mc_view_blog` LIMIT 1   [ RunTime:0.000790s ]
SQL: SELECT * FROM `mc_view_blog` ORDER BY `blog_id` desc LIMIT 0,10   [ RunTime:0.001068s ]
NOTIC: [2048] Creating default object from empty value D:\xampps\htdocs\MeChef\MISP\Lib\Action\EasyUITableAction.class.php 第 96 行.

[ 2015-07-09T11:19:40+08:00 ] INFO: the url is /MeChef/index.php/Blog/Load
[ 2015-07-09T11:19:40+08:00 ] INFO: request is {"app_id":"1","client_type":"ANDROID","client_version":null,"conditionList":[{"attrName":"blog_id","firstValue":0,"typeStr":"biger","operate":"BIGER"}],"obj":null,"page":{"count":0,"currentPage":0,"pageSize":10},"token":null}
[ 2015-07-09T11:19:40+08:00 ] INFO: Loading view.. no pk is found.
[ 2015-07-09T11:19:40+08:00 ] INFO: LoadPageTable,ReqType is ANDROID
[ 2015-07-09T11:19:40+08:00 ] INFO: typeStr is biger
[ 2015-07-09T11:19:40+08:00 ] INFO: first value is 0
[ 2015-07-09T11:19:40+08:00 ] INFO: condition list is []
[ 2015-07-09T11:19:40+08:00 ] INFO: the current page is -1,the page size is 10
[ 2015-07-09T11:19:40+08:00 ] INFO: query the table  count is 0
[ 2015-07-09T11:19:40+08:00 ] INFO: the url is /MeChef/index.php/Blog/Load
[ 2015-07-09T11:19:40+08:00 ] INFO: response is {"errorCode":0,"errorMsg":null,"obj":{"total":"0","rows":false}}
[ 2015-07-09T11:19:40+08:00 ] 192.168.1.109 /MeChef/index.php/Blog/Load
INFO: [ route_check ] --START--
INFO: CheckRoute Behavior ::run [ RunTime:0.002257s ]
INFO: [ route_check ] --END-- [ RunTime:0.002338s ]
INFO: [ app_begin ] --START--
INFO: ReadHtmlCache Behavior ::run [ RunTime:0.001942s ]
INFO: [ app_begin ] --END-- [ RunTime:0.001996s ]
NOTIC: [2] Missing argument 1 for MispBaseRspJson::__construct(), called in D:\xampps\htdocs\MeChef\MISP\Lib\Action\BaseAction.class.php on line 40 and defined D:\xampps\htdocs\MeChef\MISP\Lib\Action\BaseAction.class.php 第 9 行.
NOTIC: [8] Undefined variable: errorCode D:\xampps\htdocs\MeChef\MISP\Lib\Action\BaseAction.class.php 第 12 行.
SQL: SHOW COLUMNS FROM `mc_view_blog` [ RunTime:0.001844s ]
SQL: SELECT COUNT(*) AS tp_count FROM `mc_view_blog` LIMIT 1   [ RunTime:0.000343s ]
SQL: SELECT * FROM `mc_view_blog` ORDER BY `blog_id` desc LIMIT -10,10   [ RunTime:0.000379s ]
ERR: 1064:You have an error in your SQL syntax; check the manual that corresponds to your MySQL server version for the right syntax to use near '-10,10' at line 1
 [ SQL语句 ] : SELECT * FROM `mc_view_blog` ORDER BY `blog_id` desc LIMIT -10,10  
NOTIC: [2048] Creating default object from empty value D:\xampps\htdocs\MeChef\MISP\Lib\Action\EasyUITableAction.class.php 第 96 行.

[ 2015-07-09T11:19:44+08:00 ] INFO: the url is /MeChef/index.php/Blog/Load
[ 2015-07-09T11:19:44+08:00 ] INFO: request is {"app_id":"1","client_type":"ANDROID","client_version":null,"conditionList":[{"attrName":"blog_id","firstValue":0,"typeStr":"biger","operate":"BIGER"}],"obj":null,"page":{"count":0,"currentPage":1,"pageSize":10},"token":null}
[ 2015-07-09T11:19:44+08:00 ] INFO: Loading view.. no pk is found.
[ 2015-07-09T11:19:44+08:00 ] INFO: LoadPageTable,ReqType is ANDROID
[ 2015-07-09T11:19:44+08:00 ] INFO: typeStr is biger
[ 2015-07-09T11:19:44+08:00 ] INFO: first value is 0
[ 2015-07-09T11:19:44+08:00 ] INFO: condition list is []
[ 2015-07-09T11:19:44+08:00 ] INFO: the current page is 0,the page size is 10
[ 2015-07-09T11:19:44+08:00 ] INFO: query the table  count is 0
[ 2015-07-09T11:19:44+08:00 ] INFO: the url is /MeChef/index.php/Blog/Load
[ 2015-07-09T11:19:44+08:00 ] INFO: response is {"errorCode":0,"errorMsg":null,"obj":{"total":"0","rows":null}}
[ 2015-07-09T11:19:44+08:00 ] 192.168.1.109 /MeChef/index.php/Blog/Load
INFO: [ route_check ] --START--
INFO: CheckRoute Behavior ::run [ RunTime:0.002289s ]
INFO: [ route_check ] --END-- [ RunTime:0.002367s ]
INFO: [ app_begin ] --START--
INFO: ReadHtmlCache Behavior ::run [ RunTime:0.002031s ]
INFO: [ app_begin ] --END-- [ RunTime:0.002087s ]
NOTIC: [2] Missing argument 1 for MispBaseRspJson::__construct(), called in D:\xampps\htdocs\MeChef\MISP\Lib\Action\BaseAction.class.php on line 40 and defined D:\xampps\htdocs\MeChef\MISP\Lib\Action\BaseAction.class.php 第 9 行.
NOTIC: [8] Undefined variable: errorCode D:\xampps\htdocs\MeChef\MISP\Lib\Action\BaseAction.class.php 第 12 行.
SQL: SHOW COLUMNS FROM `mc_view_blog` [ RunTime:0.002191s ]
SQL: SELECT COUNT(*) AS tp_count FROM `mc_view_blog` LIMIT 1   [ RunTime:0.000510s ]
SQL: SELECT * FROM `mc_view_blog` ORDER BY `blog_id` desc LIMIT 0,10   [ RunTime:0.000822s ]
NOTIC: [2048] Creating default object from empty value D:\xampps\htdocs\MeChef\MISP\Lib\Action\EasyUITableAction.class.php 第 96 行.

[ 2015-07-09T11:19:53+08:00 ] INFO: the url is /MeChef/index.php/Blog/Load
[ 2015-07-09T11:19:53+08:00 ] INFO: request is {"app_id":"1","client_type":"ANDROID","client_version":null,"conditionList":[{"attrName":"blog_id","firstValue":0,"typeStr":"biger","operate":"BIGER"}],"obj":null,"page":{"count":0,"currentPage":2,"pageSize":10},"token":null}
[ 2015-07-09T11:19:53+08:00 ] INFO: Loading view.. no pk is found.
[ 2015-07-09T11:19:53+08:00 ] INFO: LoadPageTable,ReqType is ANDROID
[ 2015-07-09T11:19:53+08:00 ] INFO: typeStr is biger
[ 2015-07-09T11:19:53+08:00 ] INFO: first value is 0
[ 2015-07-09T11:19:53+08:00 ] INFO: condition list is []
[ 2015-07-09T11:19:53+08:00 ] INFO: the current page is 1,the page size is 10
[ 2015-07-09T11:19:53+08:00 ] INFO: query the table  count is 0
[ 2015-07-09T11:19:53+08:00 ] INFO: the url is /MeChef/index.php/Blog/Load
[ 2015-07-09T11:19:53+08:00 ] INFO: response is {"errorCode":0,"errorMsg":null,"obj":{"total":"0","rows":null}}
[ 2015-07-09T11:19:53+08:00 ] 192.168.1.109 /MeChef/index.php/Blog/Load
INFO: [ route_check ] --START--
INFO: CheckRoute Behavior ::run [ RunTime:0.002161s ]
INFO: [ route_check ] --END-- [ RunTime:0.002239s ]
INFO: [ app_begin ] --START--
INFO: ReadHtmlCache Behavior ::run [ RunTime:0.001896s ]
INFO: [ app_begin ] --END-- [ RunTime:0.001949s ]
NOTIC: [2] Missing argument 1 for MispBaseRspJson::__construct(), called in D:\xampps\htdocs\MeChef\MISP\Lib\Action\BaseAction.class.php on line 40 and defined D:\xampps\htdocs\MeChef\MISP\Lib\Action\BaseAction.class.php 第 9 行.
NOTIC: [8] Undefined variable: errorCode D:\xampps\htdocs\MeChef\MISP\Lib\Action\BaseAction.class.php 第 12 行.
SQL: SHOW COLUMNS FROM `mc_view_blog` [ RunTime:0.002623s ]
SQL: SELECT COUNT(*) AS tp_count FROM `mc_view_blog` LIMIT 1   [ RunTime:0.000852s ]
SQL: SELECT * FROM `mc_view_blog` ORDER BY `blog_id` desc LIMIT 10,10   [ RunTime:0.000994s ]
NOTIC: [2048] Creating default object from empty value D:\xampps\htdocs\MeChef\MISP\Lib\Action\EasyUITableAction.class.php 第 96 行.

[ 2015-07-09T11:20:40+08:00 ] 192.168.1.109 /MeChef/index.php/Order/Load
INFO: [ route_check ] --START--
INFO: CheckRoute Behavior ::run [ RunTime:0.002147s ]
INFO: [ route_check ] --END-- [ RunTime:0.002219s ]
INFO: [ app_begin ] --START--
INFO: ReadHtmlCache Behavior ::run [ RunTime:0.002453s ]
INFO: [ app_begin ] --END-- [ RunTime:0.002509s ]
ERR: 无法加载模块:Order

[ 2015-07-09T11:47:22+08:00 ] INFO: the url is /MeChef/index.php/Blog/Load
[ 2015-07-09T11:47:22+08:00 ] INFO: request is {"app_id":"1","client_type":"ANDROID","client_version":null,"conditionList":[{"attrName":"blog_id","firstValue":0,"typeStr":"biger","operate":"BIGER"}],"obj":null,"page":{"count":0,"currentPage":0,"pageSize":10},"token":null}
[ 2015-07-09T11:47:22+08:00 ] INFO: Loading view.. no pk is found.
[ 2015-07-09T11:47:22+08:00 ] INFO: LoadPageTable,ReqType is ANDROID
[ 2015-07-09T11:47:22+08:00 ] INFO: typeStr is biger
[ 2015-07-09T11:47:22+08:00 ] INFO: first value is 0
[ 2015-07-09T11:47:22+08:00 ] INFO: condition list is []
[ 2015-07-09T11:47:22+08:00 ] INFO: the current page is -1,the page size is 10
[ 2015-07-09T11:47:22+08:00 ] INFO: query the table  count is 0
[ 2015-07-09T11:47:22+08:00 ] INFO: the url is /MeChef/index.php/Blog/Load
[ 2015-07-09T11:47:22+08:00 ] INFO: response is {"errorCode":0,"errorMsg":null,"obj":{"total":"0","rows":false}}
[ 2015-07-09T11:47:22+08:00 ] 192.168.1.109 /MeChef/index.php/Blog/Load
INFO: [ route_check ] --START--
INFO: CheckRoute Behavior ::run [ RunTime:0.002857s ]
INFO: [ route_check ] --END-- [ RunTime:0.002945s ]
INFO: [ app_begin ] --START--
INFO: ReadHtmlCache Behavior ::run [ RunTime:0.002085s ]
INFO: [ app_begin ] --END-- [ RunTime:0.002162s ]
NOTIC: [2] Missing argument 1 for MispBaseRspJson::__construct(), called in D:\xampps\htdocs\MeChef\MISP\Lib\Action\BaseAction.class.php on line 40 and defined D:\xampps\htdocs\MeChef\MISP\Lib\Action\BaseAction.class.php 第 9 行.
NOTIC: [8] Undefined variable: errorCode D:\xampps\htdocs\MeChef\MISP\Lib\Action\BaseAction.class.php 第 12 行.
SQL: SHOW COLUMNS FROM `mc_view_blog` [ RunTime:0.001884s ]
SQL: SELECT COUNT(*) AS tp_count FROM `mc_view_blog` LIMIT 1   [ RunTime:0.000286s ]
SQL: SELECT * FROM `mc_view_blog` ORDER BY `blog_id` desc LIMIT -10,10   [ RunTime:0.000391s ]
ERR: 1064:You have an error in your SQL syntax; check the manual that corresponds to your MySQL server version for the right syntax to use near '-10,10' at line 1
 [ SQL语句 ] : SELECT * FROM `mc_view_blog` ORDER BY `blog_id` desc LIMIT -10,10  
NOTIC: [2048] Creating default object from empty value D:\xampps\htdocs\MeChef\MISP\Lib\Action\EasyUITableAction.class.php 第 96 行.

[ 2015-07-09T11:47:25+08:00 ] INFO: the url is /MeChef/index.php/Blog/Load
[ 2015-07-09T11:47:25+08:00 ] INFO: request is {"app_id":"1","client_type":"ANDROID","client_version":null,"conditionList":[{"attrName":"blog_id","firstValue":0,"typeStr":"biger","operate":"BIGER"}],"obj":null,"page":{"count":0,"currentPage":1,"pageSize":10},"token":null}
[ 2015-07-09T11:47:25+08:00 ] INFO: Loading view.. no pk is found.
[ 2015-07-09T11:47:25+08:00 ] INFO: LoadPageTable,ReqType is ANDROID
[ 2015-07-09T11:47:25+08:00 ] INFO: typeStr is biger
[ 2015-07-09T11:47:25+08:00 ] INFO: first value is 0
[ 2015-07-09T11:47:25+08:00 ] INFO: condition list is []
[ 2015-07-09T11:47:25+08:00 ] INFO: the current page is 0,the page size is 10
[ 2015-07-09T11:47:25+08:00 ] INFO: query the table  count is 0
[ 2015-07-09T11:47:25+08:00 ] INFO: the url is /MeChef/index.php/Blog/Load
[ 2015-07-09T11:47:25+08:00 ] INFO: response is {"errorCode":0,"errorMsg":null,"obj":{"total":"0","rows":null}}
[ 2015-07-09T11:47:25+08:00 ] 192.168.1.109 /MeChef/index.php/Blog/Load
INFO: [ route_check ] --START--
INFO: CheckRoute Behavior ::run [ RunTime:0.002290s ]
INFO: [ route_check ] --END-- [ RunTime:0.002372s ]
INFO: [ app_begin ] --START--
INFO: ReadHtmlCache Behavior ::run [ RunTime:0.002007s ]
INFO: [ app_begin ] --END-- [ RunTime:0.002064s ]
NOTIC: [2] Missing argument 1 for MispBaseRspJson::__construct(), called in D:\xampps\htdocs\MeChef\MISP\Lib\Action\BaseAction.class.php on line 40 and defined D:\xampps\htdocs\MeChef\MISP\Lib\Action\BaseAction.class.php 第 9 行.
NOTIC: [8] Undefined variable: errorCode D:\xampps\htdocs\MeChef\MISP\Lib\Action\BaseAction.class.php 第 12 行.
SQL: SHOW COLUMNS FROM `mc_view_blog` [ RunTime:0.001709s ]
SQL: SELECT COUNT(*) AS tp_count FROM `mc_view_blog` LIMIT 1   [ RunTime:0.000135s ]
SQL: SELECT * FROM `mc_view_blog` ORDER BY `blog_id` desc LIMIT 0,10   [ RunTime:0.000290s ]
NOTIC: [2048] Creating default object from empty value D:\xampps\htdocs\MeChef\MISP\Lib\Action\EasyUITableAction.class.php 第 96 行.

[ 2015-07-09T11:47:31+08:00 ] INFO: the url is /MeChef/index.php/Blog/Load
[ 2015-07-09T11:47:31+08:00 ] INFO: request is {"app_id":"1","client_type":"ANDROID","client_version":null,"conditionList":[{"attrName":"blog_id","firstValue":0,"typeStr":"biger","operate":"BIGER"}],"obj":null,"page":{"count":0,"currentPage":2,"pageSize":10},"token":null}
[ 2015-07-09T11:47:31+08:00 ] INFO: Loading view.. no pk is found.
[ 2015-07-09T11:47:31+08:00 ] INFO: LoadPageTable,ReqType is ANDROID
[ 2015-07-09T11:47:31+08:00 ] INFO: typeStr is biger
[ 2015-07-09T11:47:31+08:00 ] INFO: first value is 0
[ 2015-07-09T11:47:31+08:00 ] INFO: condition list is []
[ 2015-07-09T11:47:31+08:00 ] INFO: the current page is 1,the page size is 10
[ 2015-07-09T11:47:31+08:00 ] INFO: query the table  count is 0
[ 2015-07-09T11:47:31+08:00 ] INFO: the url is /MeChef/index.php/Blog/Load
[ 2015-07-09T11:47:31+08:00 ] INFO: response is {"errorCode":0,"errorMsg":null,"obj":{"total":"0","rows":null}}
[ 2015-07-09T11:47:31+08:00 ] 192.168.1.109 /MeChef/index.php/Blog/Load
INFO: [ route_check ] --START--
INFO: CheckRoute Behavior ::run [ RunTime:0.002583s ]
INFO: [ route_check ] --END-- [ RunTime:0.002656s ]
INFO: [ app_begin ] --START--
INFO: ReadHtmlCache Behavior ::run [ RunTime:0.002008s ]
INFO: [ app_begin ] --END-- [ RunTime:0.002067s ]
NOTIC: [2] Missing argument 1 for MispBaseRspJson::__construct(), called in D:\xampps\htdocs\MeChef\MISP\Lib\Action\BaseAction.class.php on line 40 and defined D:\xampps\htdocs\MeChef\MISP\Lib\Action\BaseAction.class.php 第 9 行.
NOTIC: [8] Undefined variable: errorCode D:\xampps\htdocs\MeChef\MISP\Lib\Action\BaseAction.class.php 第 12 行.
SQL: SHOW COLUMNS FROM `mc_view_blog` [ RunTime:0.002064s ]
SQL: SELECT COUNT(*) AS tp_count FROM `mc_view_blog` LIMIT 1   [ RunTime:0.000904s ]
SQL: SELECT * FROM `mc_view_blog` ORDER BY `blog_id` desc LIMIT 10,10   [ RunTime:0.000538s ]
NOTIC: [2048] Creating default object from empty value D:\xampps\htdocs\MeChef\MISP\Lib\Action\EasyUITableAction.class.php 第 96 行.

[ 2015-07-09T11:47:39+08:00 ] INFO: the url is /MeChef/index.php/Blog/Load
[ 2015-07-09T11:47:39+08:00 ] INFO: request is {"app_id":"1","client_type":"ANDROID","client_version":null,"conditionList":[{"attrName":"blog_id","firstValue":0,"typeStr":"biger","operate":"BIGER"}],"obj":null,"page":{"count":0,"currentPage":3,"pageSize":10},"token":null}
[ 2015-07-09T11:47:39+08:00 ] INFO: Loading view.. no pk is found.
[ 2015-07-09T11:47:39+08:00 ] INFO: LoadPageTable,ReqType is ANDROID
[ 2015-07-09T11:47:39+08:00 ] INFO: typeStr is biger
[ 2015-07-09T11:47:39+08:00 ] INFO: first value is 0
[ 2015-07-09T11:47:39+08:00 ] INFO: condition list is []
[ 2015-07-09T11:47:39+08:00 ] INFO: the current page is 2,the page size is 10
[ 2015-07-09T11:47:39+08:00 ] INFO: query the table  count is 0
[ 2015-07-09T11:47:39+08:00 ] INFO: the url is /MeChef/index.php/Blog/Load
[ 2015-07-09T11:47:39+08:00 ] INFO: response is {"errorCode":0,"errorMsg":null,"obj":{"total":"0","rows":null}}
[ 2015-07-09T11:47:39+08:00 ] 192.168.1.109 /MeChef/index.php/Blog/Load
INFO: [ route_check ] --START--
INFO: CheckRoute Behavior ::run [ RunTime:0.002161s ]
INFO: [ route_check ] --END-- [ RunTime:0.002252s ]
INFO: [ app_begin ] --START--
INFO: ReadHtmlCache Behavior ::run [ RunTime:0.001949s ]
INFO: [ app_begin ] --END-- [ RunTime:0.002017s ]
NOTIC: [2] Missing argument 1 for MispBaseRspJson::__construct(), called in D:\xampps\htdocs\MeChef\MISP\Lib\Action\BaseAction.class.php on line 40 and defined D:\xampps\htdocs\MeChef\MISP\Lib\Action\BaseAction.class.php 第 9 行.
NOTIC: [8] Undefined variable: errorCode D:\xampps\htdocs\MeChef\MISP\Lib\Action\BaseAction.class.php 第 12 行.
SQL: SHOW COLUMNS FROM `mc_view_blog` [ RunTime:0.002094s ]
SQL: SELECT COUNT(*) AS tp_count FROM `mc_view_blog` LIMIT 1   [ RunTime:0.000742s ]
SQL: SELECT * FROM `mc_view_blog` ORDER BY `blog_id` desc LIMIT 20,10   [ RunTime:0.000958s ]
NOTIC: [2048] Creating default object from empty value D:\xampps\htdocs\MeChef\MISP\Lib\Action\EasyUITableAction.class.php 第 96 行.

