[ 2015-07-04T12:02:21+08:00 ] INFO: the url is /FuegoProject/
[ 2015-07-04T12:02:21+08:00 ] INFO: request is 
[ 2015-07-04T12:02:21+08:00 ] INFO: Session validator...
[ 2015-07-04T12:02:21+08:00 ] INFO: Session is out ...,Jump to login page
[ 2015-07-04T12:02:21+08:00 ] 0.0.0.0 /FuegoProject/
INFO: [ app_begin ] --START--
INFO: ReadHtmlCache Behavior ::run [ RunTime:0.010447s ]
INFO: [ app_begin ] --END-- [ RunTime:0.010893s ]
NOTIC: [2] Missing argument 1 for MispBaseRspJson::__construct(), called in D:\xampps\htdocs\FuegoProject\MISP\Lib\Action\BaseAction.class.php on line 40 and defined D:\xampps\htdocs\FuegoProject\MISP\Lib\Action\BaseAction.class.php 第 9 行.
NOTIC: [8] Undefined variable: errorCode D:\xampps\htdocs\FuegoProject\MISP\Lib\Action\BaseAction.class.php 第 12 行.
NOTIC: [8] Trying to get property of non-object D:\xampps\htdocs\FuegoProject\MISP\Lib\Action\BaseAction.class.php 第 93 行.
NOTIC: [8] Trying to get property of non-object D:\xampps\htdocs\FuegoProject\MISP\Lib\Action\BaseAction.class.php 第 93 行.
NOTIC: [8] Trying to get property of non-object D:\xampps\htdocs\FuegoProject\MISP\Lib\Action\BaseAction.class.php 第 93 行.
NOTIC: [8] Undefined index:  user D:\xampps\htdocs\FuegoProject\MISP\Lib\Action\BaseAction.class.php 第 56 行.
NOTIC: [8] Constant THEME_NAME already defined D:\xampps\htdocs\FuegoProject\ThinkPHP\Lib\Core\View.class.php 第 223 行.
NOTIC: [8] Constant THEME_PATH already defined D:\xampps\htdocs\FuegoProject\ThinkPHP\Lib\Core\View.class.php 第 174 行.
NOTIC: [8] Constant APP_TMPL_PATH already defined D:\xampps\htdocs\FuegoProject\ThinkPHP\Lib\Core\View.class.php 第 175 行.
INFO: [ view_parse ] --START--
INFO: ParseTemplate Behavior ::run [ RunTime:0.076574s ]
INFO: [ view_parse ] --END-- [ RunTime:0.077021s ]
INFO: [ view_filter ] --START--
INFO: ContentReplace Behavior ::run [ RunTime:0.015083s ]
INFO: TokenBuild Behavior ::run [ RunTime:0.008025s ]
INFO: WriteHtmlCache Behavior ::run [ RunTime:0.007717s ]
INFO: ShowRuntime Behavior ::run [ RunTime:0.009793s ]
INFO: [ view_filter ] --END-- [ RunTime:0.041390s ]
INFO: [ view_end ] --START--
INFO: ShowPageTrace Behavior ::run [ RunTime:0.009017s ]
INFO: [ view_end ] --END-- [ RunTime:0.009245s ]

[ 2015-07-04T12:02:21+08:00 ] INFO: the url is /FuegoProject/index.php/Index/redirectPage.html
[ 2015-07-04T12:02:21+08:00 ] INFO: request is 
[ 2015-07-04T12:02:21+08:00 ] INFO: Session validator...
[ 2015-07-04T12:02:21+08:00 ] INFO: Session validator login Page
[ 2015-07-04T12:02:21+08:00 ] 0.0.0.0 /FuegoProject/index.php/Index/redirectPage.html
INFO: [ route_check ] --START--
INFO: CheckRoute Behavior ::run [ RunTime:0.008797s ]
INFO: [ route_check ] --END-- [ RunTime:0.009080s ]
INFO: [ app_begin ] --START--
INFO: ReadHtmlCache Behavior ::run [ RunTime:0.008085s ]
INFO: [ app_begin ] --END-- [ RunTime:0.008323s ]
NOTIC: [2] Missing argument 1 for MispBaseRspJson::__construct(), called in D:\xampps\htdocs\FuegoProject\MISP\Lib\Action\BaseAction.class.php on line 40 and defined D:\xampps\htdocs\FuegoProject\MISP\Lib\Action\BaseAction.class.php 第 9 行.
NOTIC: [8] Undefined variable: errorCode D:\xampps\htdocs\FuegoProject\MISP\Lib\Action\BaseAction.class.php 第 12 行.
NOTIC: [8] Trying to get property of non-object D:\xampps\htdocs\FuegoProject\MISP\Lib\Action\BaseAction.class.php 第 93 行.
NOTIC: [8] Trying to get property of non-object D:\xampps\htdocs\FuegoProject\MISP\Lib\Action\BaseAction.class.php 第 93 行.
NOTIC: [8] Trying to get property of non-object D:\xampps\htdocs\FuegoProject\MISP\Lib\Action\BaseAction.class.php 第 93 行.
NOTIC: [8] Constant THEME_NAME already defined D:\xampps\htdocs\FuegoProject\ThinkPHP\Lib\Core\View.class.php 第 223 行.
NOTIC: [8] Constant THEME_PATH already defined D:\xampps\htdocs\FuegoProject\ThinkPHP\Lib\Core\View.class.php 第 174 行.
NOTIC: [8] Constant APP_TMPL_PATH already defined D:\xampps\htdocs\FuegoProject\ThinkPHP\Lib\Core\View.class.php 第 175 行.
INFO: [ view_parse ] --START--
INFO: ParseTemplate Behavior ::run [ RunTime:0.061950s ]
INFO: [ view_parse ] --END-- [ RunTime:0.062244s ]
INFO: [ view_filter ] --START--
INFO: ContentReplace Behavior ::run [ RunTime:0.008043s ]
INFO: TokenBuild Behavior ::run [ RunTime:0.007410s ]
INFO: WriteHtmlCache Behavior ::run [ RunTime:0.008075s ]
INFO: ShowRuntime Behavior ::run [ RunTime:0.007904s ]
INFO: [ view_filter ] --END-- [ RunTime:0.032153s ]
INFO: [ view_end ] --START--
INFO: ShowPageTrace Behavior ::run [ RunTime:0.008009s ]
INFO: [ view_end ] --END-- [ RunTime:0.008205s ]

[ 2015-07-04T12:04:36+08:00 ] INFO: the url is /FuegoProject/
[ 2015-07-04T12:04:36+08:00 ] INFO: request is 
[ 2015-07-04T12:04:36+08:00 ] INFO: Session validator...
[ 2015-07-04T12:04:36+08:00 ] INFO: Session is out ...,Jump to login page
[ 2015-07-04T12:04:36+08:00 ] 0.0.0.0 /FuegoProject/
INFO: [ app_begin ] --START--
INFO: ReadHtmlCache Behavior ::run [ RunTime:0.008198s ]
INFO: [ app_begin ] --END-- [ RunTime:0.008560s ]
NOTIC: [2] Missing argument 1 for MispBaseRspJson::__construct(), called in D:\xampps\htdocs\FuegoProject\MISP\Lib\Action\BaseAction.class.php on line 40 and defined D:\xampps\htdocs\FuegoProject\MISP\Lib\Action\BaseAction.class.php 第 9 行.
NOTIC: [8] Undefined variable: errorCode D:\xampps\htdocs\FuegoProject\MISP\Lib\Action\BaseAction.class.php 第 12 行.
NOTIC: [8] Trying to get property of non-object D:\xampps\htdocs\FuegoProject\MISP\Lib\Action\BaseAction.class.php 第 93 行.
NOTIC: [8] Trying to get property of non-object D:\xampps\htdocs\FuegoProject\MISP\Lib\Action\BaseAction.class.php 第 93 行.
NOTIC: [8] Trying to get property of non-object D:\xampps\htdocs\FuegoProject\MISP\Lib\Action\BaseAction.class.php 第 93 行.
NOTIC: [8] Undefined index:  user D:\xampps\htdocs\FuegoProject\MISP\Lib\Action\BaseAction.class.php 第 56 行.
NOTIC: [8] Constant THEME_NAME already defined D:\xampps\htdocs\FuegoProject\ThinkPHP\Lib\Core\View.class.php 第 223 行.
NOTIC: [8] Constant THEME_PATH already defined D:\xampps\htdocs\FuegoProject\ThinkPHP\Lib\Core\View.class.php 第 174 行.
NOTIC: [8] Constant APP_TMPL_PATH already defined D:\xampps\htdocs\FuegoProject\ThinkPHP\Lib\Core\View.class.php 第 175 行.
INFO: [ view_parse ] --START--
INFO: ParseTemplate Behavior ::run [ RunTime:0.054058s ]
INFO: [ view_parse ] --END-- [ RunTime:0.054317s ]
INFO: [ view_filter ] --START--
INFO: ContentReplace Behavior ::run [ RunTime:0.006949s ]
INFO: TokenBuild Behavior ::run [ RunTime:0.007212s ]
INFO: WriteHtmlCache Behavior ::run [ RunTime:0.006747s ]
INFO: ShowRuntime Behavior ::run [ RunTime:0.008699s ]
INFO: [ view_filter ] --END-- [ RunTime:0.030220s ]
INFO: [ view_end ] --START--
INFO: ShowPageTrace Behavior ::run [ RunTime:0.008277s ]
INFO: [ view_end ] --END-- [ RunTime:0.008470s ]

[ 2015-07-04T12:04:36+08:00 ] INFO: the url is /FuegoProject/index.php/Index/redirectPage.html
[ 2015-07-04T12:04:36+08:00 ] INFO: request is 
[ 2015-07-04T12:04:36+08:00 ] INFO: Session validator...
[ 2015-07-04T12:04:36+08:00 ] INFO: Session validator login Page
[ 2015-07-04T12:04:37+08:00 ] 0.0.0.0 /FuegoProject/index.php/Index/redirectPage.html
INFO: [ route_check ] --START--
INFO: CheckRoute Behavior ::run [ RunTime:0.008444s ]
INFO: [ route_check ] --END-- [ RunTime:0.008707s ]
INFO: [ app_begin ] --START--
INFO: ReadHtmlCache Behavior ::run [ RunTime:0.007623s ]
INFO: [ app_begin ] --END-- [ RunTime:0.007840s ]
NOTIC: [2] Missing argument 1 for MispBaseRspJson::__construct(), called in D:\xampps\htdocs\FuegoProject\MISP\Lib\Action\BaseAction.class.php on line 40 and defined D:\xampps\htdocs\FuegoProject\MISP\Lib\Action\BaseAction.class.php 第 9 行.
NOTIC: [8] Undefined variable: errorCode D:\xampps\htdocs\FuegoProject\MISP\Lib\Action\BaseAction.class.php 第 12 行.
NOTIC: [8] Trying to get property of non-object D:\xampps\htdocs\FuegoProject\MISP\Lib\Action\BaseAction.class.php 第 93 行.
NOTIC: [8] Trying to get property of non-object D:\xampps\htdocs\FuegoProject\MISP\Lib\Action\BaseAction.class.php 第 93 行.
NOTIC: [8] Trying to get property of non-object D:\xampps\htdocs\FuegoProject\MISP\Lib\Action\BaseAction.class.php 第 93 行.
NOTIC: [8] Constant THEME_NAME already defined D:\xampps\htdocs\FuegoProject\ThinkPHP\Lib\Core\View.class.php 第 223 行.
NOTIC: [8] Constant THEME_PATH already defined D:\xampps\htdocs\FuegoProject\ThinkPHP\Lib\Core\View.class.php 第 174 行.
NOTIC: [8] Constant APP_TMPL_PATH already defined D:\xampps\htdocs\FuegoProject\ThinkPHP\Lib\Core\View.class.php 第 175 行.
INFO: [ view_parse ] --START--
INFO: ParseTemplate Behavior ::run [ RunTime:0.053338s ]
INFO: [ view_parse ] --END-- [ RunTime:0.053594s ]
INFO: [ view_filter ] --START--
INFO: ContentReplace Behavior ::run [ RunTime:0.007231s ]
INFO: TokenBuild Behavior ::run [ RunTime:0.007067s ]
INFO: WriteHtmlCache Behavior ::run [ RunTime:0.006930s ]
INFO: ShowRuntime Behavior ::run [ RunTime:0.007283s ]
INFO: [ view_filter ] --END-- [ RunTime:0.029062s ]
INFO: [ view_end ] --START--
INFO: ShowPageTrace Behavior ::run [ RunTime:0.008012s ]
INFO: [ view_end ] --END-- [ RunTime:0.008205s ]

[ 2015-07-04T12:05:08+08:00 ] INFO: the url is /FuegoProject/
[ 2015-07-04T12:05:08+08:00 ] INFO: request is 
[ 2015-07-04T12:05:08+08:00 ] INFO: Session validator...
[ 2015-07-04T12:05:08+08:00 ] INFO: Session is out ...,Jump to login page
[ 2015-07-04T12:05:09+08:00 ] 0.0.0.0 /FuegoProject/
INFO: [ app_begin ] --START--
INFO: ReadHtmlCache Behavior ::run [ RunTime:0.008152s ]
INFO: [ app_begin ] --END-- [ RunTime:0.008507s ]
NOTIC: [2] Missing argument 1 for MispBaseRspJson::__construct(), called in D:\xampps\htdocs\FuegoProject\MISP\Lib\Action\BaseAction.class.php on line 40 and defined D:\xampps\htdocs\FuegoProject\MISP\Lib\Action\BaseAction.class.php 第 9 行.
NOTIC: [8] Undefined variable: errorCode D:\xampps\htdocs\FuegoProject\MISP\Lib\Action\BaseAction.class.php 第 12 行.
NOTIC: [8] Trying to get property of non-object D:\xampps\htdocs\FuegoProject\MISP\Lib\Action\BaseAction.class.php 第 93 行.
NOTIC: [8] Trying to get property of non-object D:\xampps\htdocs\FuegoProject\MISP\Lib\Action\BaseAction.class.php 第 93 行.
NOTIC: [8] Trying to get property of non-object D:\xampps\htdocs\FuegoProject\MISP\Lib\Action\BaseAction.class.php 第 93 行.
NOTIC: [8] Undefined index:  user D:\xampps\htdocs\FuegoProject\MISP\Lib\Action\BaseAction.class.php 第 56 行.
NOTIC: [8] Constant THEME_NAME already defined D:\xampps\htdocs\FuegoProject\ThinkPHP\Lib\Core\View.class.php 第 223 行.
NOTIC: [8] Constant THEME_PATH already defined D:\xampps\htdocs\FuegoProject\ThinkPHP\Lib\Core\View.class.php 第 174 行.
NOTIC: [8] Constant APP_TMPL_PATH already defined D:\xampps\htdocs\FuegoProject\ThinkPHP\Lib\Core\View.class.php 第 175 行.
INFO: [ view_parse ] --START--
INFO: ParseTemplate Behavior ::run [ RunTime:0.054575s ]
INFO: [ view_parse ] --END-- [ RunTime:0.054838s ]
INFO: [ view_filter ] --START--
INFO: ContentReplace Behavior ::run [ RunTime:0.007196s ]
INFO: TokenBuild Behavior ::run [ RunTime:0.007348s ]
INFO: WriteHtmlCache Behavior ::run [ RunTime:0.007018s ]
INFO: ShowRuntime Behavior ::run [ RunTime:0.007458s ]
INFO: [ view_filter ] --END-- [ RunTime:0.029585s ]
INFO: [ view_end ] --START--
INFO: ShowPageTrace Behavior ::run [ RunTime:0.008050s ]
INFO: [ view_end ] --END-- [ RunTime:0.008244s ]

[ 2015-07-04T12:05:09+08:00 ] INFO: the url is /FuegoProject/index.php/Index/redirectPage.html
[ 2015-07-04T12:05:09+08:00 ] INFO: request is 
[ 2015-07-04T12:05:09+08:00 ] INFO: Session validator...
[ 2015-07-04T12:05:09+08:00 ] INFO: Session validator login Page
[ 2015-07-04T12:05:09+08:00 ] 0.0.0.0 /FuegoProject/index.php/Index/redirectPage.html
INFO: [ route_check ] --START--
INFO: CheckRoute Behavior ::run [ RunTime:0.008522s ]
INFO: [ route_check ] --END-- [ RunTime:0.008779s ]
INFO: [ app_begin ] --START--
INFO: ReadHtmlCache Behavior ::run [ RunTime:0.007671s ]
INFO: [ app_begin ] --END-- [ RunTime:0.007891s ]
NOTIC: [2] Missing argument 1 for MispBaseRspJson::__construct(), called in D:\xampps\htdocs\FuegoProject\MISP\Lib\Action\BaseAction.class.php on line 40 and defined D:\xampps\htdocs\FuegoProject\MISP\Lib\Action\BaseAction.class.php 第 9 行.
NOTIC: [8] Undefined variable: errorCode D:\xampps\htdocs\FuegoProject\MISP\Lib\Action\BaseAction.class.php 第 12 行.
NOTIC: [8] Trying to get property of non-object D:\xampps\htdocs\FuegoProject\MISP\Lib\Action\BaseAction.class.php 第 93 行.
NOTIC: [8] Trying to get property of non-object D:\xampps\htdocs\FuegoProject\MISP\Lib\Action\BaseAction.class.php 第 93 行.
NOTIC: [8] Trying to get property of non-object D:\xampps\htdocs\FuegoProject\MISP\Lib\Action\BaseAction.class.php 第 93 行.
NOTIC: [8] Constant THEME_NAME already defined D:\xampps\htdocs\FuegoProject\ThinkPHP\Lib\Core\View.class.php 第 223 行.
NOTIC: [8] Constant THEME_PATH already defined D:\xampps\htdocs\FuegoProject\ThinkPHP\Lib\Core\View.class.php 第 174 行.
NOTIC: [8] Constant APP_TMPL_PATH already defined D:\xampps\htdocs\FuegoProject\ThinkPHP\Lib\Core\View.class.php 第 175 行.
INFO: [ view_parse ] --START--
INFO: ParseTemplate Behavior ::run [ RunTime:0.057331s ]
INFO: [ view_parse ] --END-- [ RunTime:0.057598s ]
INFO: [ view_filter ] --START--
INFO: ContentReplace Behavior ::run [ RunTime:0.007421s ]
INFO: TokenBuild Behavior ::run [ RunTime:0.007622s ]
INFO: WriteHtmlCache Behavior ::run [ RunTime:0.007119s ]
INFO: ShowRuntime Behavior ::run [ RunTime:0.007730s ]
INFO: [ view_filter ] --END-- [ RunTime:0.030469s ]
INFO: [ view_end ] --START--
INFO: ShowPageTrace Behavior ::run [ RunTime:0.008331s ]
INFO: [ view_end ] --END-- [ RunTime:0.008530s ]

[ 2015-07-04T12:06:26+08:00 ] INFO: the url is /FuegoProject/
[ 2015-07-04T12:06:26+08:00 ] INFO: request is 
[ 2015-07-04T12:06:26+08:00 ] INFO: Session validator...
[ 2015-07-04T12:06:26+08:00 ] INFO: Session is out ...,Jump to login page
[ 2015-07-04T12:06:26+08:00 ] 0.0.0.0 /FuegoProject/
INFO: [ app_begin ] --START--
INFO: ReadHtmlCache Behavior ::run [ RunTime:0.008346s ]
INFO: [ app_begin ] --END-- [ RunTime:0.008713s ]
NOTIC: [2] Missing argument 1 for MispBaseRspJson::__construct(), called in D:\xampps\htdocs\FuegoProject\MISP\Lib\Action\BaseAction.class.php on line 40 and defined D:\xampps\htdocs\FuegoProject\MISP\Lib\Action\BaseAction.class.php 第 9 行.
NOTIC: [8] Undefined variable: errorCode D:\xampps\htdocs\FuegoProject\MISP\Lib\Action\BaseAction.class.php 第 12 行.
NOTIC: [8] Trying to get property of non-object D:\xampps\htdocs\FuegoProject\MISP\Lib\Action\BaseAction.class.php 第 93 行.
NOTIC: [8] Trying to get property of non-object D:\xampps\htdocs\FuegoProject\MISP\Lib\Action\BaseAction.class.php 第 93 行.
NOTIC: [8] Trying to get property of non-object D:\xampps\htdocs\FuegoProject\MISP\Lib\Action\BaseAction.class.php 第 93 行.
NOTIC: [8] Undefined index:  user D:\xampps\htdocs\FuegoProject\MISP\Lib\Action\BaseAction.class.php 第 56 行.
NOTIC: [8] Constant THEME_NAME already defined D:\xampps\htdocs\FuegoProject\ThinkPHP\Lib\Core\View.class.php 第 223 行.
NOTIC: [8] Constant THEME_PATH already defined D:\xampps\htdocs\FuegoProject\ThinkPHP\Lib\Core\View.class.php 第 174 行.
NOTIC: [8] Constant APP_TMPL_PATH already defined D:\xampps\htdocs\FuegoProject\ThinkPHP\Lib\Core\View.class.php 第 175 行.
INFO: [ view_parse ] --START--
INFO: ParseTemplate Behavior ::run [ RunTime:0.054040s ]
INFO: [ view_parse ] --END-- [ RunTime:0.054289s ]
INFO: [ view_filter ] --START--
INFO: ContentReplace Behavior ::run [ RunTime:0.007213s ]
INFO: TokenBuild Behavior ::run [ RunTime:0.007122s ]
INFO: WriteHtmlCache Behavior ::run [ RunTime:0.007007s ]
INFO: ShowRuntime Behavior ::run [ RunTime:0.007492s ]
INFO: [ view_filter ] --END-- [ RunTime:0.029396s ]
INFO: [ view_end ] --START--
INFO: ShowPageTrace Behavior ::run [ RunTime:0.008236s ]
INFO: [ view_end ] --END-- [ RunTime:0.008447s ]

[ 2015-07-04T12:06:26+08:00 ] INFO: the url is /FuegoProject/index.php/Index/redirectPage.html
[ 2015-07-04T12:06:26+08:00 ] INFO: request is 
[ 2015-07-04T12:06:26+08:00 ] INFO: Session validator...
[ 2015-07-04T12:06:26+08:00 ] INFO: Session validator login Page
[ 2015-07-04T12:06:26+08:00 ] 0.0.0.0 /FuegoProject/index.php/Index/redirectPage.html
INFO: [ route_check ] --START--
INFO: CheckRoute Behavior ::run [ RunTime:0.008512s ]
INFO: [ route_check ] --END-- [ RunTime:0.008775s ]
INFO: [ app_begin ] --START--
INFO: ReadHtmlCache Behavior ::run [ RunTime:0.007587s ]
INFO: [ app_begin ] --END-- [ RunTime:0.007805s ]
NOTIC: [2] Missing argument 1 for MispBaseRspJson::__construct(), called in D:\xampps\htdocs\FuegoProject\MISP\Lib\Action\BaseAction.class.php on line 40 and defined D:\xampps\htdocs\FuegoProject\MISP\Lib\Action\BaseAction.class.php 第 9 行.
NOTIC: [8] Undefined variable: errorCode D:\xampps\htdocs\FuegoProject\MISP\Lib\Action\BaseAction.class.php 第 12 行.
NOTIC: [8] Trying to get property of non-object D:\xampps\htdocs\FuegoProject\MISP\Lib\Action\BaseAction.class.php 第 93 行.
NOTIC: [8] Trying to get property of non-object D:\xampps\htdocs\FuegoProject\MISP\Lib\Action\BaseAction.class.php 第 93 行.
NOTIC: [8] Trying to get property of non-object D:\xampps\htdocs\FuegoProject\MISP\Lib\Action\BaseAction.class.php 第 93 行.
NOTIC: [8] Constant THEME_NAME already defined D:\xampps\htdocs\FuegoProject\ThinkPHP\Lib\Core\View.class.php 第 223 行.
NOTIC: [8] Constant THEME_PATH already defined D:\xampps\htdocs\FuegoProject\ThinkPHP\Lib\Core\View.class.php 第 174 行.
NOTIC: [8] Constant APP_TMPL_PATH already defined D:\xampps\htdocs\FuegoProject\ThinkPHP\Lib\Core\View.class.php 第 175 行.
INFO: [ view_parse ] --START--
INFO: ParseTemplate Behavior ::run [ RunTime:0.054180s ]
INFO: [ view_parse ] --END-- [ RunTime:0.054449s ]
INFO: [ view_filter ] --START--
INFO: ContentReplace Behavior ::run [ RunTime:0.007114s ]
INFO: TokenBuild Behavior ::run [ RunTime:0.007253s ]
INFO: WriteHtmlCache Behavior ::run [ RunTime:0.006828s ]
INFO: ShowRuntime Behavior ::run [ RunTime:0.007569s ]
INFO: [ view_filter ] --END-- [ RunTime:0.029335s ]
INFO: [ view_end ] --START--
INFO: ShowPageTrace Behavior ::run [ RunTime:0.007933s ]
INFO: [ view_end ] --END-- [ RunTime:0.008125s ]

[ 2015-07-04T12:07:40+08:00 ] INFO: the url is /FuegoProject/
[ 2015-07-04T12:07:40+08:00 ] INFO: request is 
[ 2015-07-04T12:07:40+08:00 ] INFO: Session validator...
[ 2015-07-04T12:07:40+08:00 ] INFO: Session is out ...,Jump to login page
[ 2015-07-04T12:07:40+08:00 ] 0.0.0.0 /FuegoProject/
INFO: [ app_begin ] --START--
INFO: ReadHtmlCache Behavior ::run [ RunTime:0.008273s ]
INFO: [ app_begin ] --END-- [ RunTime:0.008647s ]
NOTIC: [2] Missing argument 1 for MispBaseRspJson::__construct(), called in D:\xampps\htdocs\FuegoProject\MISP\Lib\Action\BaseAction.class.php on line 40 and defined D:\xampps\htdocs\FuegoProject\MISP\Lib\Action\BaseAction.class.php 第 9 行.
NOTIC: [8] Undefined variable: errorCode D:\xampps\htdocs\FuegoProject\MISP\Lib\Action\BaseAction.class.php 第 12 行.
NOTIC: [8] Trying to get property of non-object D:\xampps\htdocs\FuegoProject\MISP\Lib\Action\BaseAction.class.php 第 93 行.
NOTIC: [8] Trying to get property of non-object D:\xampps\htdocs\FuegoProject\MISP\Lib\Action\BaseAction.class.php 第 93 行.
NOTIC: [8] Trying to get property of non-object D:\xampps\htdocs\FuegoProject\MISP\Lib\Action\BaseAction.class.php 第 93 行.
NOTIC: [8] Undefined index:  user D:\xampps\htdocs\FuegoProject\MISP\Lib\Action\BaseAction.class.php 第 56 行.
NOTIC: [8] Constant THEME_NAME already defined D:\xampps\htdocs\FuegoProject\ThinkPHP\Lib\Core\View.class.php 第 223 行.
NOTIC: [8] Constant THEME_PATH already defined D:\xampps\htdocs\FuegoProject\ThinkPHP\Lib\Core\View.class.php 第 174 行.
NOTIC: [8] Constant APP_TMPL_PATH already defined D:\xampps\htdocs\FuegoProject\ThinkPHP\Lib\Core\View.class.php 第 175 行.
INFO: [ view_parse ] --START--
INFO: ParseTemplate Behavior ::run [ RunTime:0.055405s ]
INFO: [ view_parse ] --END-- [ RunTime:0.055659s ]
INFO: [ view_filter ] --START--
INFO: ContentReplace Behavior ::run [ RunTime:0.007228s ]
INFO: TokenBuild Behavior ::run [ RunTime:0.007121s ]
INFO: WriteHtmlCache Behavior ::run [ RunTime:0.006921s ]
INFO: ShowRuntime Behavior ::run [ RunTime:0.007429s ]
INFO: [ view_filter ] --END-- [ RunTime:0.029268s ]
INFO: [ view_end ] --START--
INFO: ShowPageTrace Behavior ::run [ RunTime:0.008041s ]
INFO: [ view_end ] --END-- [ RunTime:0.008255s ]

[ 2015-07-04T12:07:41+08:00 ] INFO: the url is /FuegoProject/index.php/Index/redirectPage.html
[ 2015-07-04T12:07:41+08:00 ] INFO: request is 
[ 2015-07-04T12:07:41+08:00 ] INFO: Session validator...
[ 2015-07-04T12:07:41+08:00 ] INFO: Session validator login Page
[ 2015-07-04T12:07:41+08:00 ] 0.0.0.0 /FuegoProject/index.php/Index/redirectPage.html
INFO: [ route_check ] --START--
INFO: CheckRoute Behavior ::run [ RunTime:0.008570s ]
INFO: [ route_check ] --END-- [ RunTime:0.008833s ]
INFO: [ app_begin ] --START--
INFO: ReadHtmlCache Behavior ::run [ RunTime:0.007681s ]
INFO: [ app_begin ] --END-- [ RunTime:0.007896s ]
NOTIC: [2] Missing argument 1 for MispBaseRspJson::__construct(), called in D:\xampps\htdocs\FuegoProject\MISP\Lib\Action\BaseAction.class.php on line 40 and defined D:\xampps\htdocs\FuegoProject\MISP\Lib\Action\BaseAction.class.php 第 9 行.
NOTIC: [8] Undefined variable: errorCode D:\xampps\htdocs\FuegoProject\MISP\Lib\Action\BaseAction.class.php 第 12 行.
NOTIC: [8] Trying to get property of non-object D:\xampps\htdocs\FuegoProject\MISP\Lib\Action\BaseAction.class.php 第 93 行.
NOTIC: [8] Trying to get property of non-object D:\xampps\htdocs\FuegoProject\MISP\Lib\Action\BaseAction.class.php 第 93 行.
NOTIC: [8] Trying to get property of non-object D:\xampps\htdocs\FuegoProject\MISP\Lib\Action\BaseAction.class.php 第 93 行.
NOTIC: [8] Constant THEME_NAME already defined D:\xampps\htdocs\FuegoProject\ThinkPHP\Lib\Core\View.class.php 第 223 行.
NOTIC: [8] Constant THEME_PATH already defined D:\xampps\htdocs\FuegoProject\ThinkPHP\Lib\Core\View.class.php 第 174 行.
NOTIC: [8] Constant APP_TMPL_PATH already defined D:\xampps\htdocs\FuegoProject\ThinkPHP\Lib\Core\View.class.php 第 175 行.
INFO: [ view_parse ] --START--
INFO: ParseTemplate Behavior ::run [ RunTime:0.054925s ]
INFO: [ view_parse ] --END-- [ RunTime:0.055197s ]
INFO: [ view_filter ] --START--
INFO: ContentReplace Behavior ::run [ RunTime:0.007311s ]
INFO: TokenBuild Behavior ::run [ RunTime:0.007650s ]
INFO: WriteHtmlCache Behavior ::run [ RunTime:0.006802s ]
INFO: ShowRuntime Behavior ::run [ RunTime:0.007386s ]
INFO: [ view_filter ] --END-- [ RunTime:0.029721s ]
INFO: [ view_end ] --START--
INFO: ShowPageTrace Behavior ::run [ RunTime:0.007943s ]
INFO: [ view_end ] --END-- [ RunTime:0.008175s ]

