[ 2015-07-07T16:31:20+08:00 ] INFO: the url is /MeChef/
[ 2015-07-07T16:31:20+08:00 ] INFO: request is 
[ 2015-07-07T16:31:20+08:00 ] INFO: Session validator...
[ 2015-07-07T16:31:20+08:00 ] INFO: Session is out ...,Jump to login page
[ 2015-07-07T16:31:20+08:00 ] 0.0.0.0 /MeChef/
INFO: [ app_begin ] --START--
INFO: ReadHtmlCache Behavior ::run [ RunTime:0.008756s ]
INFO: [ app_begin ] --END-- [ RunTime:0.008883s ]
NOTIC: [2] Missing argument 1 for MispBaseRspJson::__construct(), called in D:\xampps\htdocs\MeChef\MISP\Lib\Action\BaseAction.class.php on line 40 and defined D:\xampps\htdocs\MeChef\MISP\Lib\Action\BaseAction.class.php 第 9 行.
NOTIC: [8] Undefined variable: errorCode D:\xampps\htdocs\MeChef\MISP\Lib\Action\BaseAction.class.php 第 12 行.
NOTIC: [8] Trying to get property of non-object D:\xampps\htdocs\MeChef\MISP\Lib\Action\BaseAction.class.php 第 93 行.
NOTIC: [8] Trying to get property of non-object D:\xampps\htdocs\MeChef\MISP\Lib\Action\BaseAction.class.php 第 93 行.
NOTIC: [8] Trying to get property of non-object D:\xampps\htdocs\MeChef\MISP\Lib\Action\BaseAction.class.php 第 93 行.
NOTIC: [8] Undefined index:  user D:\xampps\htdocs\MeChef\MISP\Lib\Action\BaseAction.class.php 第 56 行.
NOTIC: [8] Constant THEME_NAME already defined D:\xampps\htdocs\MeChef\ThinkPHP\Lib\Core\View.class.php 第 223 行.
NOTIC: [8] Constant THEME_PATH already defined D:\xampps\htdocs\MeChef\ThinkPHP\Lib\Core\View.class.php 第 174 行.
NOTIC: [8] Constant APP_TMPL_PATH already defined D:\xampps\htdocs\MeChef\ThinkPHP\Lib\Core\View.class.php 第 175 行.
INFO: [ view_parse ] --START--
INFO: ParseTemplate Behavior ::run [ RunTime:0.067784s ]
INFO: [ view_parse ] --END-- [ RunTime:0.067868s ]
INFO: [ view_filter ] --START--
INFO: ContentReplace Behavior ::run [ RunTime:0.007490s ]
INFO: TokenBuild Behavior ::run [ RunTime:0.007991s ]
INFO: WriteHtmlCache Behavior ::run [ RunTime:0.001880s ]
INFO: ShowRuntime Behavior ::run [ RunTime:0.002105s ]
INFO: [ view_filter ] --END-- [ RunTime:0.019620s ]
INFO: [ view_end ] --START--
INFO: ShowPageTrace Behavior ::run [ RunTime:0.002423s ]
INFO: [ view_end ] --END-- [ RunTime:0.002475s ]

[ 2015-07-07T16:32:15+08:00 ] INFO: the url is /MeChef/
[ 2015-07-07T16:32:15+08:00 ] INFO: request is 
[ 2015-07-07T16:32:15+08:00 ] INFO: Session validator...
[ 2015-07-07T16:32:15+08:00 ] INFO: Session is out ...,Jump to login page
[ 2015-07-07T16:32:15+08:00 ] 0.0.0.0 /MeChef/
INFO: [ app_begin ] --START--
INFO: ReadHtmlCache Behavior ::run [ RunTime:0.002000s ]
INFO: [ app_begin ] --END-- [ RunTime:0.002079s ]
NOTIC: [2] Missing argument 1 for MispBaseRspJson::__construct(), called in D:\xampps\htdocs\MeChef\MISP\Lib\Action\BaseAction.class.php on line 40 and defined D:\xampps\htdocs\MeChef\MISP\Lib\Action\BaseAction.class.php 第 9 行.
NOTIC: [8] Undefined variable: errorCode D:\xampps\htdocs\MeChef\MISP\Lib\Action\BaseAction.class.php 第 12 行.
NOTIC: [8] Trying to get property of non-object D:\xampps\htdocs\MeChef\MISP\Lib\Action\BaseAction.class.php 第 93 行.
NOTIC: [8] Trying to get property of non-object D:\xampps\htdocs\MeChef\MISP\Lib\Action\BaseAction.class.php 第 93 行.
NOTIC: [8] Trying to get property of non-object D:\xampps\htdocs\MeChef\MISP\Lib\Action\BaseAction.class.php 第 93 行.
NOTIC: [8] Undefined index:  user D:\xampps\htdocs\MeChef\MISP\Lib\Action\BaseAction.class.php 第 56 行.
NOTIC: [8] Constant THEME_NAME already defined D:\xampps\htdocs\MeChef\ThinkPHP\Lib\Core\View.class.php 第 223 行.
NOTIC: [8] Constant THEME_PATH already defined D:\xampps\htdocs\MeChef\ThinkPHP\Lib\Core\View.class.php 第 174 行.
NOTIC: [8] Constant APP_TMPL_PATH already defined D:\xampps\htdocs\MeChef\ThinkPHP\Lib\Core\View.class.php 第 175 行.
INFO: [ view_parse ] --START--
INFO: ParseTemplate Behavior ::run [ RunTime:0.016406s ]
INFO: [ view_parse ] --END-- [ RunTime:0.016497s ]
INFO: [ view_filter ] --START--
INFO: ContentReplace Behavior ::run [ RunTime:0.001867s ]
INFO: TokenBuild Behavior ::run [ RunTime:0.001773s ]
INFO: WriteHtmlCache Behavior ::run [ RunTime:0.001715s ]
INFO: ShowRuntime Behavior ::run [ RunTime:0.001895s ]
INFO: [ view_filter ] --END-- [ RunTime:0.007392s ]
INFO: [ view_end ] --START--
INFO: ShowPageTrace Behavior ::run [ RunTime:0.002094s ]
INFO: [ view_end ] --END-- [ RunTime:0.002145s ]

[ 2015-07-07T16:32:15+08:00 ] INFO: the url is /MeChef/index.php/Index/redirectPage.html
[ 2015-07-07T16:32:15+08:00 ] INFO: request is 
[ 2015-07-07T16:32:15+08:00 ] INFO: Session validator...
[ 2015-07-07T16:32:15+08:00 ] INFO: Session validator login Page
[ 2015-07-07T16:32:15+08:00 ] 0.0.0.0 /MeChef/index.php/Index/redirectPage.html
INFO: [ route_check ] --START--
INFO: CheckRoute Behavior ::run [ RunTime:0.019385s ]
INFO: [ route_check ] --END-- [ RunTime:0.019524s ]
INFO: [ app_begin ] --START--
INFO: ReadHtmlCache Behavior ::run [ RunTime:0.002275s ]
INFO: [ app_begin ] --END-- [ RunTime:0.002405s ]
NOTIC: [2] Missing argument 1 for MispBaseRspJson::__construct(), called in D:\xampps\htdocs\MeChef\MISP\Lib\Action\BaseAction.class.php on line 40 and defined D:\xampps\htdocs\MeChef\MISP\Lib\Action\BaseAction.class.php 第 9 行.
NOTIC: [8] Undefined variable: errorCode D:\xampps\htdocs\MeChef\MISP\Lib\Action\BaseAction.class.php 第 12 行.
NOTIC: [8] Trying to get property of non-object D:\xampps\htdocs\MeChef\MISP\Lib\Action\BaseAction.class.php 第 93 行.
NOTIC: [8] Trying to get property of non-object D:\xampps\htdocs\MeChef\MISP\Lib\Action\BaseAction.class.php 第 93 行.
NOTIC: [8] Trying to get property of non-object D:\xampps\htdocs\MeChef\MISP\Lib\Action\BaseAction.class.php 第 93 行.
NOTIC: [8] Constant THEME_NAME already defined D:\xampps\htdocs\MeChef\ThinkPHP\Lib\Core\View.class.php 第 223 行.
NOTIC: [8] Constant THEME_PATH already defined D:\xampps\htdocs\MeChef\ThinkPHP\Lib\Core\View.class.php 第 174 行.
NOTIC: [8] Constant APP_TMPL_PATH already defined D:\xampps\htdocs\MeChef\ThinkPHP\Lib\Core\View.class.php 第 175 行.
INFO: [ view_parse ] --START--
INFO: ParseTemplate Behavior ::run [ RunTime:0.014337s ]
INFO: [ view_parse ] --END-- [ RunTime:0.014440s ]
INFO: [ view_filter ] --START--
INFO: ContentReplace Behavior ::run [ RunTime:0.002437s ]
INFO: TokenBuild Behavior ::run [ RunTime:0.001860s ]
INFO: WriteHtmlCache Behavior ::run [ RunTime:0.001717s ]
INFO: ShowRuntime Behavior ::run [ RunTime:0.001999s ]
INFO: [ view_filter ] --END-- [ RunTime:0.008195s ]
INFO: [ view_end ] --START--
INFO: ShowPageTrace Behavior ::run [ RunTime:0.002322s ]
INFO: [ view_end ] --END-- [ RunTime:0.002396s ]

[ 2015-07-07T16:32:25+08:00 ] INFO: the url is /MeChef/index.php/Index/Login
[ 2015-07-07T16:32:25+08:00 ] INFO: request is {"client_type":"WEB","obj":{"user_name":"admin","password":"123456"}}
[ 2015-07-07T16:32:25+08:00 ] INFO: Session validator...WEB
[ 2015-07-07T16:32:25+08:00 ] INFO: Session validator login Page
[ 2015-07-07T16:32:25+08:00 ] INFO: User login, Client type is WEB
[ 2015-07-07T16:32:25+08:00 ] INFO: Login validate ...
[ 2015-07-07T16:32:25+08:00 ] INFO: condition is {"user_name":"admin"}
[ 2015-07-07T16:32:25+08:00 ] INFO: Login validate success.
[ 2015-07-07T16:32:25+08:00 ] INFO: Get role privilege...
[ 2015-07-07T16:32:26+08:00 ] INFO: role pri is 1
[ 2015-07-07T16:32:26+08:00 ] INFO: Role privilege is ["1"]
[ 2015-07-07T16:32:26+08:00 ] INFO: Get user privilege...
[ 2015-07-07T16:32:26+08:00 ] INFO: User privilege is null
[ 2015-07-07T16:32:26+08:00 ] INFO: All user privilege is ["1"]
[ 2015-07-07T16:32:26+08:00 ] INFO: login privilege is ["1"]
[ 2015-07-07T16:32:26+08:00 ] INFO: Get user login privilege success. The user have WEB login privilege.
[ 2015-07-07T16:32:26+08:00 ] INFO: User WEBLogin success, the user name is admin
[ 2015-07-07T16:32:26+08:00 ] INFO: the url is /MeChef/index.php/Index/Login
[ 2015-07-07T16:32:26+08:00 ] INFO: response is {"errorCode":0,"errorMsg":"\u64cd\u4f5c\u6210\u529f","obj":null}
[ 2015-07-07T16:32:26+08:00 ] 0.0.0.0 /MeChef/index.php/Index/Login
INFO: [ route_check ] --START--
INFO: CheckRoute Behavior ::run [ RunTime:0.002254s ]
INFO: [ route_check ] --END-- [ RunTime:0.002335s ]
INFO: [ app_begin ] --START--
INFO: ReadHtmlCache Behavior ::run [ RunTime:0.001913s ]
INFO: [ app_begin ] --END-- [ RunTime:0.001967s ]
NOTIC: [2] Missing argument 1 for MispBaseRspJson::__construct(), called in D:\xampps\htdocs\MeChef\MISP\Lib\Action\BaseAction.class.php on line 40 and defined D:\xampps\htdocs\MeChef\MISP\Lib\Action\BaseAction.class.php 第 9 行.
NOTIC: [8] Undefined variable: errorCode D:\xampps\htdocs\MeChef\MISP\Lib\Action\BaseAction.class.php 第 12 行.
SQL: SHOW COLUMNS FROM `misp_user` [ RunTime:0.002745s ]
SQL: SELECT COUNT(*) AS tp_count FROM `misp_user` WHERE ( `user_name` = 'admin' ) LIMIT 1   [ RunTime:0.001118s ]
SQL: SELECT * FROM `misp_user` WHERE ( `user_name` = 'admin' ) LIMIT 1   [ RunTime:0.000801s ]
SQL: SHOW COLUMNS FROM `misp_privilege` [ RunTime:0.001807s ]
SQL: SELECT `access_obj_value` FROM `misp_privilege` WHERE ( `master_value` = '1' ) AND ( `master_type` = 'ROLE' ) AND ( `access_obj_type` = 'LOGIN' )  [ RunTime:0.001120s ]
SQL: SELECT `access_obj_value` FROM `misp_privilege` WHERE ( `master_value` = '1' ) AND ( `master_type` = 'USER' ) AND ( `access_obj_type` = 'LOGIN' )  [ RunTime:0.000579s ]
NOTIC: [2] Invalid argument supplied for foreach() D:\xampps\htdocs\MeChef\MISP\Lib\Service\MispCommonDataService.class.php 第 42 行.
NOTIC: [8] A session had already been started - ignoring session_start() D:\xampps\htdocs\MeChef\MISP\Lib\Service\MispCommonUserService.class.php 第 142 行.
NOTIC: [8] Undefined property: MispBaseRspJson::$PrivateErrorMsg D:\xampps\htdocs\MeChef\MISP\Lib\Action\BaseAction.class.php 第 278 行.

[ 2015-07-07T16:32:26+08:00 ] INFO: the url is /MeChef/index.php/Index/GetMenuTree
[ 2015-07-07T16:32:26+08:00 ] INFO: request is 
[ 2015-07-07T16:32:26+08:00 ] INFO: Session validator...
[ 2015-07-07T16:32:26+08:00 ] INFO: get menu tree
[ 2015-07-07T16:32:26+08:00 ] INFO: Get role privilege...
[ 2015-07-07T16:32:26+08:00 ] INFO: role pri is 7000
[ 2015-07-07T16:32:26+08:00 ] INFO: role pri is 7001
[ 2015-07-07T16:32:26+08:00 ] INFO: Role privilege is ["7000","7001"]
[ 2015-07-07T16:32:26+08:00 ] INFO: Get user privilege...
[ 2015-07-07T16:32:26+08:00 ] INFO: User privilege is null
[ 2015-07-07T16:32:26+08:00 ] INFO: All user privilege is ["7000","7001"]
[ 2015-07-07T16:32:26+08:00 ] INFO: menu tree is [{"menu_id":"7000","menu_name":"SocailManage","menu_value":"\u793e\u4ea4\u7ba1\u7406","menu_type":null,"menu_icon":null,"menu_external":null,"menu_url":"#","menu_parent_id":"0"}]
[ 2015-07-07T16:32:26+08:00 ] INFO: the url is /MeChef/index.php/Index/GetMenuTree
[ 2015-07-07T16:32:26+08:00 ] INFO: response is [{"menu_id":"7000","menu_name":"SocailManage","menu_value":"\u793e\u4ea4\u7ba1\u7406","menu_type":null,"menu_icon":null,"menu_external":null,"menu_url":"#","menu_parent_id":"0"}]
[ 2015-07-07T16:32:26+08:00 ] 0.0.0.0 /MeChef/index.php/Index/GetMenuTree
INFO: [ route_check ] --START--
INFO: CheckRoute Behavior ::run [ RunTime:0.002281s ]
INFO: [ route_check ] --END-- [ RunTime:0.002360s ]
INFO: [ app_begin ] --START--
INFO: ReadHtmlCache Behavior ::run [ RunTime:0.001996s ]
INFO: [ app_begin ] --END-- [ RunTime:0.002047s ]
NOTIC: [2] Missing argument 1 for MispBaseRspJson::__construct(), called in D:\xampps\htdocs\MeChef\MISP\Lib\Action\BaseAction.class.php on line 40 and defined D:\xampps\htdocs\MeChef\MISP\Lib\Action\BaseAction.class.php 第 9 行.
NOTIC: [8] Undefined variable: errorCode D:\xampps\htdocs\MeChef\MISP\Lib\Action\BaseAction.class.php 第 12 行.
NOTIC: [8] Trying to get property of non-object D:\xampps\htdocs\MeChef\MISP\Lib\Action\BaseAction.class.php 第 93 行.
NOTIC: [8] Trying to get property of non-object D:\xampps\htdocs\MeChef\MISP\Lib\Action\BaseAction.class.php 第 93 行.
NOTIC: [8] Trying to get property of non-object D:\xampps\htdocs\MeChef\MISP\Lib\Action\BaseAction.class.php 第 93 行.
SQL: SHOW COLUMNS FROM `misp_privilege` [ RunTime:0.001496s ]
SQL: SELECT `access_obj_value` FROM `misp_privilege` WHERE ( `master_value` = '1' ) AND ( `master_type` = 'ROLE' ) AND ( `access_obj_type` = 'MENU' )  [ RunTime:0.000188s ]
SQL: SELECT `access_obj_value` FROM `misp_privilege` WHERE ( `master_value` = '1' ) AND ( `master_type` = 'USER' ) AND ( `access_obj_type` = 'MENU' )  [ RunTime:0.000323s ]
NOTIC: [2] Invalid argument supplied for foreach() D:\xampps\htdocs\MeChef\MISP\Lib\Service\MispCommonDataService.class.php 第 42 行.
SQL: SHOW COLUMNS FROM `misp_menu` [ RunTime:0.001485s ]
SQL: SELECT * FROM `misp_menu` WHERE ( `menu_id` IN ('7000','7001') )  [ RunTime:0.000285s ]
NOTIC: [8] Trying to get property of non-object D:\xampps\htdocs\MeChef\MISP\Lib\Action\BaseAction.class.php 第 93 行.

[ 2015-07-07T16:33:25+08:00 ] INFO: the url is /MeChef/index.php/Index/GetMenuTree
[ 2015-07-07T16:33:25+08:00 ] INFO: request is 
[ 2015-07-07T16:33:25+08:00 ] INFO: Session validator...
[ 2015-07-07T16:33:25+08:00 ] INFO: get menu tree
[ 2015-07-07T16:33:25+08:00 ] INFO: Get role privilege...
[ 2015-07-07T16:33:25+08:00 ] INFO: role pri is 7000
[ 2015-07-07T16:33:25+08:00 ] INFO: role pri is 7010
[ 2015-07-07T16:33:25+08:00 ] INFO: Role privilege is ["7000","7010"]
[ 2015-07-07T16:33:25+08:00 ] INFO: Get user privilege...
[ 2015-07-07T16:33:25+08:00 ] INFO: User privilege is null
[ 2015-07-07T16:33:25+08:00 ] INFO: All user privilege is ["7000","7010"]
[ 2015-07-07T16:33:25+08:00 ] INFO: menu tree is [{"menu_id":"7000","menu_name":"SocailManage","menu_value":"\u793e\u4ea4\u7ba1\u7406","menu_type":null,"menu_icon":null,"menu_external":null,"menu_url":"#","menu_parent_id":"0"},{"menu_id":"7010","menu_name":"BlogManage","menu_value":"\u535a\u5ba2\u7ba1\u7406","menu_type":null,"menu_icon":null,"menu_external":null,"menu_url":"Blog\/index.html","menu_parent_id":"7000"}]
[ 2015-07-07T16:33:25+08:00 ] INFO: the url is /MeChef/index.php/Index/GetMenuTree
[ 2015-07-07T16:33:25+08:00 ] INFO: response is [{"menu_id":"7000","menu_name":"SocailManage","menu_value":"\u793e\u4ea4\u7ba1\u7406","menu_type":null,"menu_icon":null,"menu_external":null,"menu_url":"#","menu_parent_id":"0"},{"menu_id":"7010","menu_name":"BlogManage","menu_value":"\u535a\u5ba2\u7ba1\u7406","menu_type":null,"menu_icon":null,"menu_external":null,"menu_url":"Blog\/index.html","menu_parent_id":"7000"}]
[ 2015-07-07T16:33:25+08:00 ] 0.0.0.0 /MeChef/index.php/Index/GetMenuTree
INFO: [ route_check ] --START--
INFO: CheckRoute Behavior ::run [ RunTime:0.002243s ]
INFO: [ route_check ] --END-- [ RunTime:0.002357s ]
INFO: [ app_begin ] --START--
INFO: ReadHtmlCache Behavior ::run [ RunTime:0.001975s ]
INFO: [ app_begin ] --END-- [ RunTime:0.002028s ]
NOTIC: [2] Missing argument 1 for MispBaseRspJson::__construct(), called in D:\xampps\htdocs\MeChef\MISP\Lib\Action\BaseAction.class.php on line 40 and defined D:\xampps\htdocs\MeChef\MISP\Lib\Action\BaseAction.class.php 第 9 行.
NOTIC: [8] Undefined variable: errorCode D:\xampps\htdocs\MeChef\MISP\Lib\Action\BaseAction.class.php 第 12 行.
NOTIC: [8] Trying to get property of non-object D:\xampps\htdocs\MeChef\MISP\Lib\Action\BaseAction.class.php 第 93 行.
NOTIC: [8] Trying to get property of non-object D:\xampps\htdocs\MeChef\MISP\Lib\Action\BaseAction.class.php 第 93 行.
NOTIC: [8] Trying to get property of non-object D:\xampps\htdocs\MeChef\MISP\Lib\Action\BaseAction.class.php 第 93 行.
SQL: SHOW COLUMNS FROM `misp_privilege` [ RunTime:0.001733s ]
SQL: SELECT `access_obj_value` FROM `misp_privilege` WHERE ( `master_value` = '1' ) AND ( `master_type` = 'ROLE' ) AND ( `access_obj_type` = 'MENU' )  [ RunTime:0.000469s ]
SQL: SELECT `access_obj_value` FROM `misp_privilege` WHERE ( `master_value` = '1' ) AND ( `master_type` = 'USER' ) AND ( `access_obj_type` = 'MENU' )  [ RunTime:0.000541s ]
NOTIC: [2] Invalid argument supplied for foreach() D:\xampps\htdocs\MeChef\MISP\Lib\Service\MispCommonDataService.class.php 第 42 行.
SQL: SHOW COLUMNS FROM `misp_menu` [ RunTime:0.001508s ]
SQL: SELECT * FROM `misp_menu` WHERE ( `menu_id` IN ('7000','7010') )  [ RunTime:0.000918s ]
NOTIC: [8] Trying to get property of non-object D:\xampps\htdocs\MeChef\MISP\Lib\Action\BaseAction.class.php 第 93 行.

